
=== Processing: Abnormal Security Threat Intel Blog (https://abnormal.ai/threat-intelligence/blog?category=threat-intel) -> feeds/abnormal-threat-intel.xml
 robots.txt respected: True
 • using sitemap fallback …
 [HTTP] robots GET https://abnormal.ai/robots.txt -> 200 (final: https://abnormal.ai/robots.txt) CT=text/plain; charset=utf-8
 [HTTP] sitemap GET https://abnormal.ai/sitemap_index.xml -> 404 (final: https://abnormal.ai/sitemap_index.xml) CT=text/html; charset=utf-8
 [HTTP] sitemap body snippet: <!DOCTYPE html><html><head><meta charSet="utf-8" data-next-head=""/><meta name="viewport" content="height=device-height, width=device-width, initial-scale=1.0, minimum-scale=1.0" data-next-head=""/><m
 [HTTP] sitemap GET https://abnormal.ai/sitemaps-1-categorygroup-blogCategories-1-sitemap.xml -> 200 (final: https://abnormal.ai/sitemaps-1-categorygroup-blogCategories-1-sitemap.xml) CT=text/xml; charset=utf-8
 [HTTP] sitemap GET https://abnormal.ai/sitemap.xml -> 200 (final: https://abnormal.ai/sitemaps-1-sitemap.xml) CT=text/xml; charset=utf-8
 [HTTP] sitemap GET https://abnormal.ai/sitemaps-1-section-notFound-1-sitemap.xml -> 200 (final: https://abnormal.ai/sitemaps-1-section-notFound-1-sitemap.xml) CT=text/xml; charset=utf-8
 [HTTP] sitemap GET https://abnormal.ai/sitemaps-1-section-aiGlossary-1-sitemap.xml -> 200 (final: https://abnormal.ai/sitemaps-1-section-aiGlossary-1-sitemap.xml) CT=text/xml; charset=utf-8
 [HTTP] sitemap GET https://abnormal.ai/sitemaps-1-section-aiGlossaryIndex-1-sitemap.xml -> 200 (final: https://abnormal.ai/sitemaps-1-section-aiGlossaryIndex-1-sitemap.xml) CT=text/xml; charset=utf-8
 [HTTP] sitemap GET https://abnormal.ai/sitemaps-1-categorygroup-aiTransformationsBuilders-1-sitemap.xml -> 200 (final: https://abnormal.ai/sitemaps-1-categorygroup-aiTransformationsBuilders-1-sitemap.xml) CT=text/xml; charset=utf-8
 [HTTP] sitemap GET https://abnormal.ai/sitemaps-1-categorygroup-aiTransformationsCategories-1-sitemap.xml -> 200 (final: https://abnormal.ai/sitemaps-1-categorygroup-aiTransformationsCategories-1-sitemap.xml) CT=text/xml; charset=utf-8
 [HTTP] sitemap GET https://abnormal.ai/sitemaps-1-section-aiTransformationsIndex-1-sitemap.xml -> 200 (final: https://abnormal.ai/sitemaps-1-section-aiTransformationsIndex-1-sitemap.xml) CT=text/xml; charset=utf-8
 [HTTP] sitemap GET https://abnormal.ai/sitemaps-1-section-abnormalAttacks-1-sitemap.xml -> 200 (final: https://abnormal.ai/sitemaps-1-section-abnormalAttacks-1-sitemap.xml) CT=text/xml; charset=utf-8
 [HTTP] sitemap GET https://abnormal.ai/sitemaps-1-section-abnormalAttacksIndex-1-sitemap.xml -> 200 (final: https://abnormal.ai/sitemaps-1-section-abnormalAttacksIndex-1-sitemap.xml) CT=text/xml; charset=utf-8
 [HTTP] sitemap GET https://abnormal.ai/sitemaps-1-section-blog-1-sitemap.xml -> 200 (final: https://abnormal.ai/sitemaps-1-section-blog-1-sitemap.xml) CT=text/xml; charset=utf-8
 [HTTP] sitemap GET https://abnormal.ai/sitemaps-1-section-blogIndex-1-sitemap.xml -> 200 (final: https://abnormal.ai/sitemaps-1-section-blogIndex-1-sitemap.xml) CT=text/xml; charset=utf-8
 [HTTP] sitemap GET https://abnormal.ai/sitemaps-1-section-competitiveCustomerStories-1-sitemap.xml -> 200 (final: https://abnormal.ai/sitemaps-1-section-competitiveCustomerStories-1-sitemap.xml) CT=text/xml; charset=utf-8
 [HTTP] sitemap GET https://abnormal.ai/sitemaps-1-section-competitiveCustomerStoriesIndex-1-sitemap.xml -> 200 (final: https://abnormal.ai/sitemaps-1-section-competitiveCustomerStoriesIndex-1-sitemap.xml) CT=text/xml; charset=utf-8
 [HTTP] sitemap GET https://abnormal.ai/sitemaps-1-categorygroup-competitor-1-sitemap.xml -> 200 (final: https://abnormal.ai/sitemaps-1-categorygroup-competitor-1-sitemap.xml) CT=text/xml; charset=utf-8
 [HTTP] sitemap GET https://abnormal.ai/sitemaps-1-section-customerStoriesIndex-1-sitemap.xml -> 200 (final: https://abnormal.ai/sitemaps-1-section-customerStoriesIndex-1-sitemap.xml) CT=text/xml; charset=utf-8
 [HTTP] sitemap GET https://abnormal.ai/sitemaps-1-categorygroup-customerStoryCategories-1-sitemap.xml -> 200 (final: https://abnormal.ai/sitemaps-1-categorygroup-customerStoryCategories-1-sitemap.xml) CT=text/xml; charset=utf-8
 [HTTP] sitemap GET https://abnormal.ai/sitemaps-1-section-employeeStories-1-sitemap.xml -> 200 (final: https://abnormal.ai/sitemaps-1-section-employeeStories-1-sitemap.xml) CT=text/xml; charset=utf-8
 [HTTP] sitemap GET https://abnormal.ai/sitemaps-1-section-employeeStoriesIndex-1-sitemap.xml -> 200 (final: https://abnormal.ai/sitemaps-1-section-employeeStoriesIndex-1-sitemap.xml) CT=text/xml; charset=utf-8
 [HTTP] sitemap GET https://abnormal.ai/sitemaps-1-section-eventIndex-1-sitemap.xml -> 200 (final: https://abnormal.ai/sitemaps-1-section-eventIndex-1-sitemap.xml) CT=text/xml; charset=utf-8
 [HTTP] sitemap GET https://abnormal.ai/sitemaps-1-categorygroup-eventTypes-1-sitemap.xml -> 200 (final: https://abnormal.ai/sitemaps-1-categorygroup-eventTypes-1-sitemap.xml) CT=text/xml; charset=utf-8
 [HTTP] sitemap GET https://abnormal.ai/sitemaps-1-section-events-1-sitemap.xml -> 200 (final: https://abnormal.ai/sitemaps-1-section-events-1-sitemap.xml) CT=text/xml; charset=utf-8
 [HTTP] sitemap GET https://abnormal.ai/sitemaps-1-section-glossary-1-sitemap.xml -> 200 (final: https://abnormal.ai/sitemaps-1-section-glossary-1-sitemap.xml) CT=text/xml; charset=utf-8
 [HTTP] sitemap GET https://abnormal.ai/sitemaps-1-section-glossaryIndex-1-sitemap.xml -> 200 (final: https://abnormal.ai/sitemaps-1-section-glossaryIndex-1-sitemap.xml) CT=text/xml; charset=utf-8
 [HTTP] sitemap GET https://abnormal.ai/sitemaps-1-section-tourIndex-1-sitemap.xml -> 200 (final: https://abnormal.ai/sitemaps-1-section-tourIndex-1-sitemap.xml) CT=text/xml; charset=utf-8
 [HTTP] sitemap GET https://abnormal.ai/sitemaps-1-categorygroup-tourTypes-1-sitemap.xml -> 200 (final: https://abnormal.ai/sitemaps-1-categorygroup-tourTypes-1-sitemap.xml) CT=text/xml; charset=utf-8
 [HTTP] sitemap GET https://abnormal.ai/sitemaps-1-section-tours-1-sitemap.xml -> 200 (final: https://abnormal.ai/sitemaps-1-section-tours-1-sitemap.xml) CT=text/xml; charset=utf-8
 [HTTP] sitemap GET https://abnormal.ai/sitemaps-1-categorygroup-industries-1-sitemap.xml -> 200 (final: https://abnormal.ai/sitemaps-1-categorygroup-industries-1-sitemap.xml) CT=text/xml; charset=utf-8
 [HTTP] sitemap GET https://abnormal.ai/sitemaps-1-section-innovations-1-sitemap.xml -> 200 (final: https://abnormal.ai/sitemaps-1-section-innovations-1-sitemap.xml) CT=text/xml; charset=utf-8
 [HTTP] sitemap GET https://abnormal.ai/sitemaps-1-section-innovationsIndex-1-sitemap.xml -> 200 (final: https://abnormal.ai/sitemaps-1-section-innovationsIndex-1-sitemap.xml) CT=text/xml; charset=utf-8
 [HTTP] sitemap GET https://abnormal.ai/sitemaps-1-section-press-1-sitemap.xml -> 200 (final: https://abnormal.ai/sitemaps-1-section-press-1-sitemap.xml) CT=text/xml; charset=utf-8
 [HTTP] sitemap GET https://abnormal.ai/sitemaps-1-categorygroup-newsTypes-1-sitemap.xml -> 200 (final: https://abnormal.ai/sitemaps-1-categorygroup-newsTypes-1-sitemap.xml) CT=text/xml; charset=utf-8
 [HTTP] sitemap GET https://abnormal.ai/sitemaps-1-section-pages-1-sitemap.xml -> 200 (final: https://abnormal.ai/sitemaps-1-section-pages-1-sitemap.xml) CT=text/xml; charset=utf-8
 [HTTP] sitemap GET https://abnormal.ai/sitemaps-1-categorygroup-postAuthors-1-sitemap.xml -> 200 (final: https://abnormal.ai/sitemaps-1-categorygroup-postAuthors-1-sitemap.xml) CT=text/xml; charset=utf-8
 [HTTP] sitemap GET https://abnormal.ai/sitemaps-1-section-productLaunchesIndex-1-sitemap.xml -> 200 (final: https://abnormal.ai/sitemaps-1-section-productLaunchesIndex-1-sitemap.xml) CT=text/xml; charset=utf-8
 [HTTP] sitemap GET https://abnormal.ai/sitemaps-1-categorygroup-profileTypes-1-sitemap.xml -> 200 (final: https://abnormal.ai/sitemaps-1-categorygroup-profileTypes-1-sitemap.xml) CT=text/xml; charset=utf-8
 [HTTP] sitemap GET https://abnormal.ai/sitemaps-1-section-profiles-1-sitemap.xml -> 200 (final: https://abnormal.ai/sitemaps-1-section-profiles-1-sitemap.xml) CT=text/xml; charset=utf-8
 [HTTP] sitemap GET https://abnormal.ai/sitemaps-1-section-publicBreaches-1-sitemap.xml -> 200 (final: https://abnormal.ai/sitemaps-1-section-publicBreaches-1-sitemap.xml) CT=text/xml; charset=utf-8
 [HTTP] sitemap GET https://abnormal.ai/sitemaps-1-section-publicBreachesIndex-1-sitemap.xml -> 200 (final: https://abnormal.ai/sitemaps-1-section-publicBreachesIndex-1-sitemap.xml) CT=text/xml; charset=utf-8
 [HTTP] sitemap GET https://abnormal.ai/sitemaps-1-section-releaseNotes-1-sitemap.xml -> 200 (final: https://abnormal.ai/sitemaps-1-section-releaseNotes-1-sitemap.xml) CT=text/xml; charset=utf-8
 [HTTP] sitemap GET https://abnormal.ai/sitemaps-1-section-releaseNotesIndex-1-sitemap.xml -> 200 (final: https://abnormal.ai/sitemaps-1-section-releaseNotesIndex-1-sitemap.xml) CT=text/xml; charset=utf-8
 [HTTP] sitemap GET https://abnormal.ai/sitemaps-1-section-resourceIndex-1-sitemap.xml -> 200 (final: https://abnormal.ai/sitemaps-1-section-resourceIndex-1-sitemap.xml) CT=text/xml; charset=utf-8
 [HTTP] sitemap GET https://abnormal.ai/sitemaps-1-categorygroup-resourceTypes-1-sitemap.xml -> 200 (final: https://abnormal.ai/sitemaps-1-categorygroup-resourceTypes-1-sitemap.xml) CT=text/xml; charset=utf-8
 [HTTP] sitemap GET https://abnormal.ai/sitemaps-1-section-resources-1-sitemap.xml -> 200 (final: https://abnormal.ai/sitemaps-1-section-resources-1-sitemap.xml) CT=text/xml; charset=utf-8
 [HTTP] sitemap GET https://abnormal.ai/sitemaps-1-categorygroup-speakers-1-sitemap.xml -> 200 (final: https://abnormal.ai/sitemaps-1-categorygroup-speakers-1-sitemap.xml) CT=text/xml; charset=utf-8
 [HTTP] sitemap GET https://abnormal.ai/sitemaps-1-section-teamIndex-1-sitemap.xml -> 200 (final: https://abnormal.ai/sitemaps-1-section-teamIndex-1-sitemap.xml) CT=text/xml; charset=utf-8
 [HTTP] sitemap GET https://abnormal.ai/sitemaps-1-section-technologyPartnerCategories-1-sitemap.xml -> 200 (final: https://abnormal.ai/sitemaps-1-section-technologyPartnerCategories-1-sitemap.xml) CT=text/xml; charset=utf-8
 [HTTP] sitemap GET https://abnormal.ai/sitemaps-1-section-attackLibrary-1-sitemap.xml -> 200 (final: https://abnormal.ai/sitemaps-1-section-attackLibrary-1-sitemap.xml) CT=text/xml; charset=utf-8
 [HTTP] sitemap GET https://abnormal.ai/sitemaps-1-section-threatIntelligenceDigestIndex-1-sitemap.xml -> 200 (final: https://abnormal.ai/sitemaps-1-section-threatIntelligenceDigestIndex-1-sitemap.xml) CT=text/xml; charset=utf-8
 [HTTP] sitemap GET https://abnormal.ai/sitemaps-1-categorygroup-topics-1-sitemap.xml -> 200 (final: https://abnormal.ai/sitemaps-1-categorygroup-topics-1-sitemap.xml) CT=text/xml; charset=utf-8
 [HTTP] sitemap GET https://abnormal.ai/sitemaps-1-section-whatsNew-1-sitemap.xml -> 200 (final: https://abnormal.ai/sitemaps-1-section-whatsNew-1-sitemap.xml) CT=text/xml; charset=utf-8
 [HTTP] sitemap GET https://abnormal.ai/sitemaps-1-section-whatsNewIndex-1-sitemap.xml -> 200 (final: https://abnormal.ai/sitemaps-1-section-whatsNewIndex-1-sitemap.xml) CT=text/xml; charset=utf-8
 • Summary [abnormal-threat-intel]: new_fetched=0, new_used=0, reused=1, prev_cached=1, seen_before=60, seen_added=0
Wrote feeds/abnormal-threat-intel.xml

=== Processing: Abstract Security Blog (https://www.abstract.security/abstract-canvas) -> feeds/abstract-security.xml
 robots.txt respected: True
 • using sitemap fallback …
 [HTTP] robots GET https://www.abstract.security/robots.txt -> 200 (final: https://www.abstract.security/robots.txt) CT=text/plain; charset=utf-8
 [HTTP] sitemap GET https://www.abstract.security/sitemap.xml -> 200 (final: https://www.abstract.security/sitemap.xml) CT=application/rss+xml; charset=utf-8
 [HTTP] sitemap GET https://www.abstract.security/sitemap_index.xml -> 404 (final: https://www.abstract.security/sitemap_index.xml) CT=text/html; charset=utf-8
 [HTTP] sitemap body snippet: <!DOCTYPE html><!-- Last Published: Tue Mar 03 2026 19:55:15 GMT+0000 (Coordinated Universal Time) --><html data-wf-domain="www.abstract.security" data-wf-page="698c38cf63a1a38c4e272af9" data-wf-site=
 [HTTP] sitemap GET https://www.abstract.security/sitemap.xml.gz -> 404 (final: https://www.abstract.security/sitemap.xml.gz) CT=text/html; charset=utf-8
 [HTTP] sitemap body snippet: <!DOCTYPE html><!-- Last Published: Tue Mar 03 2026 19:55:15 GMT+0000 (Coordinated Universal Time) --><html data-wf-domain="www.abstract.security" data-wf-page="698c38cf63a1a38c4e272af9" data-wf-site=
 [HTTP] sitemap GET https://www.abstract.security/sitemap_index.xml.gz -> 404 (final: https://www.abstract.security/sitemap_index.xml.gz) CT=text/html; charset=utf-8
 [HTTP] sitemap body snippet: <!DOCTYPE html><!-- Last Published: Tue Mar 03 2026 19:55:15 GMT+0000 (Coordinated Universal Time) --><html data-wf-domain="www.abstract.security" data-wf-page="698c38cf63a1a38c4e272af9" data-wf-site=
 • Summary [abstract-security]: new_fetched=0, new_used=0, reused=1, prev_cached=1, seen_before=61, seen_added=0
Wrote feeds/abstract-security.xml

=== Processing: Analyst1 Blog (https://analyst1.com/resources/) -> feeds/analyst1.xml
 robots.txt respected: True
 • crawling index/listing page(s) …
 [HTTP] robots-check GET https://analyst1.com/robots.txt -> 200 (final: https://analyst1.com/robots.txt) CT=text/plain; charset=utf-8
 [HTTP] index-listing GET https://analyst1.com/resources/ -> 403 (final: https://analyst1.com/resources/) CT=text/html; charset=UTF-8
 [HTTP] index-listing body snippet: <!DOCTYPE html><html lang="en-US"><head><title>Just a moment...</title><meta http-equiv="Content-Type" content="text/html; charset=UTF-8"><meta http-equiv="X-UA-Compatible" content="IE=Edge"><meta nam
 • Summary [analyst1]: new_fetched=0, new_used=0, reused=1, prev_cached=0, seen_before=0, seen_added=0
Wrote feeds/analyst1.xml

=== Processing: AppOmni Blog (https://appomni.com/article-type/blog/) -> feeds/appomni.xml
 robots.txt respected: True
 • using sitemap fallback …
 [HTTP] robots GET https://appomni.com/robots.txt -> 200 (final: https://appomni.com/robots.txt) CT=text/plain
 [HTTP] sitemap GET https://appomni.com/sitemap_index.xml -> 200 (final: https://appomni.com/sitemap_index.xml) CT=text/xml; charset=UTF-8
 [HTTP] sitemap GET https://appomni.com/post-sitemap.xml -> 200 (final: https://appomni.com/post-sitemap.xml) CT=text/xml; charset=UTF-8
 [HTTP] sitemap GET https://appomni.com/page-sitemap.xml -> 200 (final: https://appomni.com/page-sitemap.xml) CT=text/xml; charset=UTF-8
 [HTTP] sitemap GET https://appomni.com/learn_hub-sitemap.xml -> 200 (final: https://appomni.com/learn_hub-sitemap.xml) CT=text/xml; charset=UTF-8
 [HTTP] sitemap GET https://appomni.com/webinars-sitemap.xml -> 200 (final: https://appomni.com/webinars-sitemap.xml) CT=text/xml; charset=UTF-8
 [HTTP] sitemap GET https://appomni.com/common_app-sitemap.xml -> 200 (final: https://appomni.com/common_app-sitemap.xml) CT=text/xml; charset=UTF-8
 [HTTP] sitemap GET https://appomni.com/event-sitemap.xml -> 200 (final: https://appomni.com/event-sitemap.xml) CT=text/xml; charset=UTF-8
 [HTTP] sitemap GET https://appomni.com/glossary-sitemap.xml -> 200 (final: https://appomni.com/glossary-sitemap.xml) CT=text/xml; charset=UTF-8
 [HTTP] sitemap GET https://appomni.com/workshop-sitemap.xml -> 200 (final: https://appomni.com/workshop-sitemap.xml) CT=text/xml; charset=UTF-8
 [HTTP] sitemap GET https://appomni.com/hub_article-sitemap.xml -> 200 (final: https://appomni.com/hub_article-sitemap.xml) CT=text/xml; charset=UTF-8
 [HTTP] sitemap GET https://appomni.com/category-sitemap.xml -> 200 (final: https://appomni.com/category-sitemap.xml) CT=text/xml; charset=UTF-8
 [HTTP] sitemap GET https://appomni.com/post_tag-sitemap.xml -> 200 (final: https://appomni.com/post_tag-sitemap.xml) CT=text/xml; charset=UTF-8
 [HTTP] sitemap GET https://appomni.com/featured-article-sitemap.xml -> 200 (final: https://appomni.com/featured-article-sitemap.xml) CT=text/xml; charset=UTF-8
 [HTTP] sitemap GET https://appomni.com/app_category-sitemap.xml -> 200 (final: https://appomni.com/app_category-sitemap.xml) CT=text/xml; charset=UTF-8
 [HTTP] sitemap GET https://appomni.com/article_type-sitemap.xml -> 200 (final: https://appomni.com/article_type-sitemap.xml) CT=text/xml; charset=UTF-8
 [HTTP] sitemap GET https://appomni.com/industry-sitemap.xml -> 200 (final: https://appomni.com/industry-sitemap.xml) CT=text/xml; charset=UTF-8
 [HTTP] sitemap GET https://appomni.com/integration-sitemap.xml -> 200 (final: https://appomni.com/integration-sitemap.xml) CT=text/xml; charset=UTF-8
 [HTTP] sitemap GET https://appomni.com/region-sitemap.xml -> 200 (final: https://appomni.com/region-sitemap.xml) CT=text/xml; charset=UTF-8
 [HTTP] sitemap GET https://appomni.com/workshop-type-sitemap.xml -> 200 (final: https://appomni.com/workshop-type-sitemap.xml) CT=text/xml; charset=UTF-8
 [HTTP] sitemap GET https://appomni.com/author-sitemap.xml -> 200 (final: https://appomni.com/author-sitemap.xml) CT=text/xml; charset=UTF-8
 • Summary [appomni]: new_fetched=0, new_used=0, reused=30, prev_cached=30, seen_before=132, seen_added=0
Wrote feeds/appomni.xml

=== Processing: Armis Research (https://www.armis.com/blog/) -> feeds/armis-research.xml
 robots.txt respected: True
 • crawling index/listing page(s) …
 [HTTP] robots-check GET https://www.armis.com/robots.txt -> 403 (final: https://www.armis.com/robots.txt) CT=text/html; charset=UTF-8
 [HTTP] robots-check body snippet: <!DOCTYPE html><html lang="en-US"><head><title>Just a moment...</title><meta http-equiv="Content-Type" content="text/html; charset=UTF-8"><meta http-equiv="X-UA-Compatible" content="IE=Edge"><meta nam
 ! robots.txt disallows index listing; skipping listing page
 • Summary [armis-research]: new_fetched=0, new_used=0, reused=1, prev_cached=0, seen_before=0, seen_added=0
Wrote feeds/armis-research.xml

=== Processing: Bfore.ai Reports (https://bfore.ai/resources/?e-filter-63865e3-category=report) -> feeds/bfore-ai-reports.xml
 robots.txt respected: True
 • using sitemap fallback …
 [HTTP] robots GET https://bfore.ai/robots.txt -> 200 (final: https://bfore.ai/robots.txt) CT=text/plain; charset=utf-8
 [HTTP] sitemap GET https://bfore.ai/sitemap_index.xml -> 200 (final: https://bfore.ai/sitemap_index.xml) CT=text/xml; charset=UTF-8
 [HTTP] sitemap GET https://bfore.ai/post-sitemap.xml -> 200 (final: https://bfore.ai/post-sitemap.xml) CT=text/xml; charset=UTF-8
 [HTTP] sitemap GET https://bfore.ai/page-sitemap.xml -> 200 (final: https://bfore.ai/page-sitemap.xml) CT=text/xml; charset=UTF-8
 • Summary [bfore-ai-reports]: new_fetched=0, new_used=0, reused=30, prev_cached=30, seen_before=30, seen_added=0
Wrote feeds/bfore-ai-reports.xml

=== Processing: BI.ZONE News (https://bi.zone/eng/news/) -> feeds/bizone-news.xml
 robots.txt respected: False
 • using sitemap fallback …
 [HTTP] robots GET https://bi.zone/robots.txt -> 200 (final: https://bi.zone/robots.txt) CT=text/plain; charset=UTF-8
 [HTTP] sitemap GET https://bi.zone/sitemap.xml -> 200 (final: https://bi.zone/sitemap.xml) CT=text/xml; charset=UTF-8
 [HTTP] article GET https://bi.zone/eng/news/ -> 200 (final: https://bi.zone/eng/news/) CT=text/html; charset=UTF-8
 [HTTP] article GET https://bi.zone/eng/news/my-obnaruzhili-tsepochku-uyazvimostey-v-oracle-virtualbox/ -> 200 (final: https://bi.zone/eng/news/my-obnaruzhili-tsepochku-uyazvimostey-v-oracle-virtualbox/) CT=text/html; charset=UTF-8
 [HTTP] article GET https://bi.zone/eng/news/kibershpiony-stali-pritvoryatsya-gossluzhashchimi-kyrgyzstana/ -> 200 (final: https://bi.zone/eng/news/kibershpiony-stali-pritvoryatsya-gossluzhashchimi-kyrgyzstana/) CT=text/html; charset=UTF-8
 [HTTP] article GET https://bi.zone/eng/news/vyshla-versiya-bi-zone-edr-1-38-s-ai-assistentom/ -> 200 (final: https://bi.zone/eng/news/vyshla-versiya-bi-zone-edr-1-38-s-ai-assistentom/) CT=text/html; charset=UTF-8
 [HTTP] article GET https://bi.zone/eng/news/kibershpiony-paper-werewolf-ispolzuyut-dlya-atak-uyazvimosti-v-winrar/ -> 200 (final: https://bi.zone/eng/news/kibershpiony-paper-werewolf-ispolzuyut-dlya-atak-uyazvimosti-v-winrar/) CT=text/html; charset=UTF-8
 [HTTP] article GET https://bi.zone/eng/news/vozvrashchenie-pipemagic-novaya-aktivnost-bekdora-v-saudovskoy-aravii-i-brazilii/ -> 200 (final: https://bi.zone/eng/news/vozvrashchenie-pipemagic-novaya-aktivnost-bekdora-v-saudovskoy-aravii-i-brazilii/) CT=text/html; charset=UTF-8
 [HTTP] article GET https://bi.zone/eng/news/khaktivisty-stali-sovershat-bolshe-atak-no-ikh-motivatsiya-stanovitsya-neodnoznachnoy/ -> 200 (final: https://bi.zone/eng/news/khaktivisty-stali-sovershat-bolshe-atak-no-ikh-motivatsiya-stanovitsya-neodnoznachnoy/) CT=text/html; charset=UTF-8
 [HTTP] article GET https://bi.zone/eng/news/podtverdite-chto-vy-ne-robot-dlya-atak-na-rossiyskie-kompanii-stali-ispolzovat-feykovuyu-captcha/ -> 200 (final: https://bi.zone/eng/news/podtverdite-chto-vy-ne-robot-dlya-atak-na-rossiyskie-kompanii-stali-ispolzovat-feykovuyu-captcha/) CT=text/html; charset=UTF-8
 [HTTP] article GET https://bi.zone/eng/news/tysyachelikiy-shpion-silent-werewolf-menyaet-podkhody-i-instrumenty-chtoby-ostavatsya-neuznannym/ -> 200 (final: https://bi.zone/eng/news/tysyachelikiy-shpion-silent-werewolf-menyaet-podkhody-i-instrumenty-chtoby-ostavatsya-neuznannym/) CT=text/html; charset=UTF-8
 [HTTP] article GET https://bi.zone/eng/news/my-obnaruzhili-uyazvimosti-vysokogo-urovnya-opasnosti-v-vaultwarden/ -> 200 (final: https://bi.zone/eng/news/my-obnaruzhili-uyazvimosti-vysokogo-urovnya-opasnosti-v-vaultwarden/) CT=text/html; charset=UTF-8
 [HTTP] article GET https://bi.zone/eng/news/novaya-funktsionalnost-bi-zone-threat-intelligence-pomozhet-kompaniyam-predskazyvat-kiberataki/ -> 200 (final: https://bi.zone/eng/news/novaya-funktsionalnost-bi-zone-threat-intelligence-pomozhet-kompaniyam-predskazyvat-kiberataki/) CT=text/html; charset=UTF-8
 [HTTP] article GET https://bi.zone/eng/news/polovina-kibergruppirovok-atakuyushchikh-rossiyskuyu-energetiku-natselena-na-shpionazh/ -> 200 (final: https://bi.zone/eng/news/polovina-kibergruppirovok-atakuyushchikh-rossiyskuyu-energetiku-natselena-na-shpionazh/) CT=text/html; charset=UTF-8
 [HTTP] article GET https://bi.zone/eng/news/bi-zone-edr-1-37-oblegchaet-polzovatelyam-rabotu-s-khranilishchem-sobytiy/ -> 200 (final: https://bi.zone/eng/news/bi-zone-edr-1-37-oblegchaet-polzovatelyam-rabotu-s-khranilishchem-sobytiy/) CT=text/html; charset=UTF-8
 [HTTP] article GET https://bi.zone/eng/news/ne-igrayte-v-kalmara-s-oborotnyami/ -> 200 (final: https://bi.zone/eng/news/ne-igrayte-v-kalmara-s-oborotnyami/) CT=text/html; charset=UTF-8
 [HTTP] article GET https://bi.zone/eng/news/v-novoy-versii-bi-zone-edr-uluchsheny-mekhanizmy-vyyavleniya-ugroz/ -> 200 (final: https://bi.zone/eng/news/v-novoy-versii-bi-zone-edr-uluchsheny-mekhanizmy-vyyavleniya-ugroz/) CT=text/html; charset=UTF-8
 • Summary [bizone-news]: new_fetched=15, new_used=15, reused=0, prev_cached=0, seen_before=0, seen_added=14
Wrote feeds/bizone-news.xml

=== Processing: BI.ZONE Blog (https://bi.zone/eng/expertise/blog/) -> feeds/bizone-blog.xml
 robots.txt respected: False
 • using sitemap fallback …
 [HTTP] robots GET https://bi.zone/robots.txt -> 200 (final: https://bi.zone/robots.txt) CT=text/plain; charset=UTF-8
 [HTTP] sitemap GET https://bi.zone/sitemap.xml -> 200 (final: https://bi.zone/sitemap.xml) CT=text/xml; charset=UTF-8
 [HTTP] article GET https://bi.zone/eng/expertise/blog/ -> 200 (final: https://bi.zone/eng/expertise/blog/) CT=text/html; charset=UTF-8
 [HTTP] article GET https://bi.zone/eng/expertise/blog/analiz-uyazvimosti-cve-2025-62592-v-oracle-virtualbox-dlya-macos/ -> 200 (final: https://bi.zone/eng/expertise/blog/analiz-uyazvimosti-cve-2025-62592-v-oracle-virtualbox-dlya-macos/) CT=text/html; charset=UTF-8
 [HTTP] article GET https://bi.zone/eng/expertise/blog/unfortune-500-most-often-hacked-in-russia-and-cis/ -> 200 (final: https://bi.zone/eng/expertise/blog/unfortune-500-most-often-hacked-in-russia-and-cis/) CT=text/html; charset=UTF-8
 [HTTP] article GET https://bi.zone/eng/expertise/blog/cavalry-werewolf-atakuet-rossiyu-cherez-doveritelnye-otnosheniya-mezhdu-gosudarstvami/ -> 200 (final: https://bi.zone/eng/expertise/blog/cavalry-werewolf-atakuet-rossiyu-cherez-doveritelnye-otnosheniya-mezhdu-gosudarstvami/) CT=text/html; charset=UTF-8
 [HTTP] article GET https://bi.zone/eng/expertise/blog/podrobnyy-razbor-uyazvimosti-cve-2025-29824-v-os-windows/ -> 200 (final: https://bi.zone/eng/expertise/blog/podrobnyy-razbor-uyazvimosti-cve-2025-29824-v-os-windows/) CT=text/html; charset=UTF-8
 [HTTP] article GET https://bi.zone/eng/expertise/blog/paper-werewolf-atakuet-rossiyu-s-ispolzovaniem-uyazvimosti-nulevogo-dnya-v-winrar/ -> 200 (final: https://bi.zone/eng/expertise/blog/paper-werewolf-atakuet-rossiyu-s-ispolzovaniem-uyazvimosti-nulevogo-dnya-v-winrar/) CT=text/html; charset=UTF-8
 [HTTP] article GET https://bi.zone/eng/expertise/blog/rainbow-hyena-snova-atakuet-novyy-bekdor-i-smena-taktik/ -> 200 (final: https://bi.zone/eng/expertise/blog/rainbow-hyena-snova-atakuet-novyy-bekdor-i-smena-taktik/) CT=text/html; charset=UTF-8
 [HTTP] article GET https://bi.zone/eng/expertise/blog/proydite-proverku-i-poluchite-vpo-clickfix-dobralas-do-rossii/ -> 200 (final: https://bi.zone/eng/expertise/blog/proydite-proverku-i-poluchite-vpo-clickfix-dobralas-do-rossii/) CT=text/html; charset=UTF-8
 [HTTP] article GET https://bi.zone/eng/expertise/blog/silent-werewolf-ispolzuet-novye-zagruzchiki-v-atakakh-na-rossiyskie-i-moldavskie-organizatsii/ -> 200 (final: https://bi.zone/eng/expertise/blog/silent-werewolf-ispolzuet-novye-zagruzchiki-v-atakakh-na-rossiyskie-i-moldavskie-organizatsii/) CT=text/html; charset=UTF-8
 [HTTP] article GET https://bi.zone/eng/expertise/blog/analiz-uyazvimostey-v-vaultwarden-cve-2025-24364-i-cve-2025-24365/ -> 200 (final: https://bi.zone/eng/expertise/blog/analiz-uyazvimostey-v-vaultwarden-cve-2025-24364-i-cve-2025-24365/) CT=text/html; charset=UTF-8
 [HTTP] article GET https://bi.zone/eng/expertise/blog/kamen-ogranennyy-sapphire-werewolf-ispolzuet-novuyu-versiyu-amethyst-stealer-dlya-atak-na-tek/ -> 200 (final: https://bi.zone/eng/expertise/blog/kamen-ogranennyy-sapphire-werewolf-ispolzuet-novuyu-versiyu-amethyst-stealer-dlya-atak-na-tek/) CT=text/html; charset=UTF-8
 [HTTP] article GET https://bi.zone/eng/expertise/blog/sotni-tysyach-rubley-za-vashi-sekrety-kibershpiony-squid-werewolf-maskiruyutsya-pod-rekruterov/ -> 200 (final: https://bi.zone/eng/expertise/blog/sotni-tysyach-rubley-za-vashi-sekrety-kibershpiony-squid-werewolf-maskiruyutsya-pod-rekruterov/) CT=text/html; charset=UTF-8
 [HTTP] article GET https://bi.zone/eng/expertise/blog/evolyutsiya-bloody-wolf-novye-tseli-novye-sredstva-ataki/ -> 200 (final: https://bi.zone/eng/expertise/blog/evolyutsiya-bloody-wolf-novye-tseli-novye-sredstva-ataki/) CT=text/html; charset=UTF-8
 [HTTP] article GET https://bi.zone/eng/expertise/blog/nova-khorosho-zabytoe-staroe/ -> 200 (final: https://bi.zone/eng/expertise/blog/nova-khorosho-zabytoe-staroe/) CT=text/html; charset=UTF-8
 [HTTP] article GET https://bi.zone/eng/expertise/blog/paper-werewolf-sovmeshchaet-kibershpionazh-s-destruktivnymi-deystviyami/ -> 200 (final: https://bi.zone/eng/expertise/blog/paper-werewolf-sovmeshchaet-kibershpionazh-s-destruktivnymi-deystviyami/) CT=text/html; charset=UTF-8
 • Summary [bizone-blog]: new_fetched=15, new_used=15, reused=0, prev_cached=0, seen_before=0, seen_added=14
Wrote feeds/bizone-blog.xml

=== Processing: BI.ZONE Research (https://bi.zone/eng/expertise/research/) -> feeds/bizone-research.xml
 robots.txt respected: False
 • using sitemap fallback …
 [HTTP] robots GET https://bi.zone/robots.txt -> 200 (final: https://bi.zone/robots.txt) CT=text/plain; charset=UTF-8
 [HTTP] sitemap GET https://bi.zone/sitemap.xml -> 200 (final: https://bi.zone/sitemap.xml) CT=text/xml; charset=UTF-8
 [HTTP] article GET https://bi.zone/eng/expertise/research/ -> 200 (final: https://bi.zone/eng/expertise/research/) CT=text/html; charset=UTF-8
 [HTTP] article GET https://bi.zone/eng/expertise/research/threat-zone-2025/ -> 200 (final: https://bi.zone/eng/expertise/research/threat-zone-2025/) CT=text/html; charset=UTF-8
 [HTTP] article GET https://bi.zone/eng/expertise/research/threat-zone-gcc-2024/ -> 200 (final: https://bi.zone/eng/expertise/research/threat-zone-gcc-2024/) CT=text/html; charset=UTF-8
 [HTTP] article GET https://bi.zone/eng/expertise/research/threat-zone-2024/ -> 200 (final: https://bi.zone/eng/expertise/research/threat-zone-2024/) CT=text/html; charset=UTF-8
 [HTTP] article GET https://bi.zone/eng/expertise/research/7-faces-of-darkness/ -> 200 (final: https://bi.zone/eng/expertise/research/7-faces-of-darkness/) CT=text/html; charset=UTF-8
 [HTTP] article GET https://bi.zone/eng/expertise/research/ransomware-source-code-and-builders-used-in-attacks-against-russian-organizations/ -> 200 (final: https://bi.zone/eng/expertise/research/ransomware-source-code-and-builders-used-in-attacks-against-russian-organizations/) CT=text/html; charset=UTF-8
 [HTTP] article GET https://bi.zone/eng/expertise/research/threat_zone_2020/ -> 200 (final: https://bi.zone/eng/expertise/research/threat_zone_2020/) CT=text/html; charset=UTF-8
 [HTTP] article GET https://bi.zone/eng/expertise/research/path-to-digital-leadership/ -> 200 (final: https://bi.zone/eng/expertise/research/path-to-digital-leadership/) CT=text/html; charset=UTF-8
 • Summary [bizone-research]: new_fetched=8, new_used=8, reused=0, prev_cached=0, seen_before=0, seen_added=7
Wrote feeds/bizone-research.xml

=== Processing: Binary Defense Blog (https://binarydefense.com/resources/blog) -> feeds/binarydefense-blog.xml
 robots.txt respected: True
 • using sitemap fallback …
 [HTTP] robots GET https://binarydefense.com/robots.txt -> 404 (final: https://binarydefense.com/robots.txt) CT=text/plain; charset=utf-8
 [HTTP] robots body snippet: # robots.txt for https://binarydefense.com/  sitemap: https://binarydefense.com/sitemaps-1-sitemap.xml  # live - don't allow web crawlers to index cpresources/ or vendor/  User-agent: * Disallow: /cpr
 [HTTP] sitemap GET https://binarydefense.com/sitemaps-1-sitemap.xml -> 200 (final: https://binarydefense.com/sitemaps-1-sitemap.xml) CT=text/xml; charset=utf-8
 [HTTP] sitemap GET https://binarydefense.com/sitemaps-1-section-arcLabs-1-sitemap.xml -> 200 (final: https://binarydefense.com/sitemaps-1-section-arcLabs-1-sitemap.xml) CT=text/xml; charset=utf-8
 [HTTP] sitemap GET https://binarydefense.com/sitemaps-1-section-careers-1-sitemap.xml -> 200 (final: https://binarydefense.com/sitemaps-1-section-careers-1-sitemap.xml) CT=text/xml; charset=utf-8
 [HTTP] sitemap GET https://binarydefense.com/sitemaps-1-section-events-1-sitemap.xml -> 200 (final: https://binarydefense.com/sitemaps-1-section-events-1-sitemap.xml) CT=text/xml; charset=utf-8
 [HTTP] sitemap GET https://binarydefense.com/sitemaps-1-section-homepage-1-sitemap.xml -> 200 (final: https://binarydefense.com/sitemaps-1-section-homepage-1-sitemap.xml) CT=text/xml; charset=utf-8
 [HTTP] sitemap GET https://binarydefense.com/sitemaps-1-section-industries-1-sitemap.xml -> 200 (final: https://binarydefense.com/sitemaps-1-section-industries-1-sitemap.xml) CT=text/xml; charset=utf-8
 [HTTP] sitemap GET https://binarydefense.com/sitemaps-1-section-knowledgebase-1-sitemap.xml -> 200 (final: https://binarydefense.com/sitemaps-1-section-knowledgebase-1-sitemap.xml) CT=text/xml; charset=utf-8
 [HTTP] sitemap GET https://binarydefense.com/sitemaps-1-section-miscPages-1-sitemap.xml -> 200 (final: https://binarydefense.com/sitemaps-1-section-miscPages-1-sitemap.xml) CT=text/xml; charset=utf-8
 [HTTP] sitemap GET https://binarydefense.com/sitemaps-1-section-news-1-sitemap.xml -> 200 (final: https://binarydefense.com/sitemaps-1-section-news-1-sitemap.xml) CT=text/xml; charset=utf-8
 [HTTP] sitemap GET https://binarydefense.com/sitemaps-1-section-partnerships-1-sitemap.xml -> 200 (final: https://binarydefense.com/sitemaps-1-section-partnerships-1-sitemap.xml) CT=text/xml; charset=utf-8
 [HTTP] sitemap GET https://binarydefense.com/sitemaps-1-section-press-1-sitemap.xml -> 200 (final: https://binarydefense.com/sitemaps-1-section-press-1-sitemap.xml) CT=text/xml; charset=utf-8
 [HTTP] sitemap GET https://binarydefense.com/sitemaps-1-section-resourceCenter-1-sitemap.xml -> 200 (final: https://binarydefense.com/sitemaps-1-section-resourceCenter-1-sitemap.xml) CT=text/xml; charset=utf-8
 [HTTP] sitemap GET https://binarydefense.com/sitemaps-1-section-resources-1-sitemap.xml -> 200 (final: https://binarydefense.com/sitemaps-1-section-resources-1-sitemap.xml) CT=text/xml; charset=utf-8
 [HTTP] sitemap GET https://binarydefense.com/sitemaps-1-section-services-1-sitemap.xml -> 200 (final: https://binarydefense.com/sitemaps-1-section-services-1-sitemap.xml) CT=text/xml; charset=utf-8
 [HTTP] sitemap GET https://binarydefense.com/sitemaps-1-section-solutions-1-sitemap.xml -> 200 (final: https://binarydefense.com/sitemaps-1-section-solutions-1-sitemap.xml) CT=text/xml; charset=utf-8
 [HTTP] sitemap GET https://binarydefense.com/sitemaps-1-section-webinars-1-sitemap.xml -> 200 (final: https://binarydefense.com/sitemaps-1-section-webinars-1-sitemap.xml) CT=text/xml; charset=utf-8
 • Summary [binarydefense-blog]: new_fetched=0, new_used=0, reused=30, prev_cached=30, seen_before=216, seen_added=0
Wrote feeds/binarydefense-blog.xml

=== Processing: Black Kite Blog (https://blackkite.com/blog) -> feeds/blackkite.xml
 robots.txt respected: True
 • using sitemap fallback …
 [HTTP] robots GET https://blackkite.com/robots.txt -> 200 (final: https://blackkite.com/robots.txt) CT=text/plain
 [HTTP] sitemap GET https://blackkite.com/sitemap.xml -> 200 (final: https://blackkite.com/sitemap.xml) CT=text/xml
 [HTTP] sitemap GET https://blackkite.com/sitemaps/posts.xml -> 200 (final: https://blackkite.com/sitemaps/posts.xml) CT=text/xml
 [HTTP] sitemap GET https://blackkite.com/sitemaps/pages.xml -> 200 (final: https://blackkite.com/sitemaps/pages.xml) CT=text/xml
 [HTTP] sitemap GET https://blackkite.com/sitemaps/case-studies.xml -> 200 (final: https://blackkite.com/sitemaps/case-studies.xml) CT=text/xml
 [HTTP] sitemap GET https://blackkite.com/sitemaps/events.xml -> 200 (final: https://blackkite.com/sitemaps/events.xml) CT=text/xml
 [HTTP] sitemap GET https://blackkite.com/sitemaps/industry.xml -> 200 (final: https://blackkite.com/sitemaps/industry.xml) CT=text/xml
 [HTTP] sitemap GET https://blackkite.com/sitemaps/knowledge-centers.xml -> 200 (final: https://blackkite.com/sitemaps/knowledge-centers.xml) CT=text/xml
 [HTTP] sitemap GET https://blackkite.com/sitemaps/partners.xml -> 200 (final: https://blackkite.com/sitemaps/partners.xml) CT=text/xml
 [HTTP] sitemap GET https://blackkite.com/sitemaps/platform.xml -> 200 (final: https://blackkite.com/sitemaps/platform.xml) CT=text/xml
 [HTTP] sitemap GET https://blackkite.com/sitemaps/podcasts.xml -> 200 (final: https://blackkite.com/sitemaps/podcasts.xml) CT=text/xml
 [HTTP] sitemap GET https://blackkite.com/sitemaps/press-releases.xml -> 200 (final: https://blackkite.com/sitemaps/press-releases.xml) CT=text/xml
 [HTTP] sitemap GET https://blackkite.com/sitemaps/ransomware-reports.xml -> 200 (final: https://blackkite.com/sitemaps/ransomware-reports.xml) CT=text/xml
 [HTTP] sitemap GET https://blackkite.com/sitemaps/reports.xml -> 200 (final: https://blackkite.com/sitemaps/reports.xml) CT=text/xml
 [HTTP] sitemap GET https://blackkite.com/sitemaps/solution-briefs.xml -> 200 (final: https://blackkite.com/sitemaps/solution-briefs.xml) CT=text/xml
 [HTTP] sitemap GET https://blackkite.com/sitemaps/solutions.xml -> 200 (final: https://blackkite.com/sitemaps/solutions.xml) CT=text/xml
 [HTTP] sitemap GET https://blackkite.com/sitemaps/videos.xml -> 200 (final: https://blackkite.com/sitemaps/videos.xml) CT=text/xml
 [HTTP] robots-check GET https://blackkite.com/robots.txt -> 200 (final: https://blackkite.com/robots.txt) CT=text/plain
 [HTTP] article GET https://blackkite.com/blog/focus-friday-tprm-challenges-in-the-face-of-ivanti-ics-cacti-sonicwall-confluence-and-citrix-vulnerabilities -> 200 (final: https://blackkite.com/blog/focus-friday-tprm-challenges-in-the-face-of-ivanti-ics-cacti-sonicwall-confluence-and-citrix-vulnerabilities) CT=text/html; charset=utf-8
 [HTTP] article GET https://blackkite.com/blog/focus-friday-lessons-from-the-crowdstrike-update-outage-on-global-it-resilience -> 200 (final: https://blackkite.com/blog/focus-friday-lessons-from-the-crowdstrike-update-outage-on-global-it-resilience) CT=text/html; charset=utf-8
 [HTTP] article GET https://blackkite.com/blog/crowdstrike-outage-lessons-on-fragility-and-resilience -> 200 (final: https://blackkite.com/blog/crowdstrike-outage-lessons-on-fragility-and-resilience) CT=text/html; charset=utf-8
 [HTTP] article GET https://blackkite.com/blog/new-standards-forrester-wave -> 200 (final: https://blackkite.com/blog/new-standards-forrester-wave) CT=text/html; charset=utf-8
 [HTTP] article GET https://blackkite.com/blog/focus-friday-tprm-insights-into-critical-vulnerabilities-in-microsoft-windows-solarwinds-whd-zimbra-and-exchange-server -> 200 (final: https://blackkite.com/blog/focus-friday-tprm-insights-into-critical-vulnerabilities-in-microsoft-windows-solarwinds-whd-zimbra-and-exchange-server) CT=text/html; charset=utf-8
 [HTTP] article GET https://blackkite.com/blog/focus-friday-tprm-insights-into-dahua-nvr4-jenkins-classloaderproxy-and-zabbix-vulnerabilities-with-black-kites-focustags -> 200 (final: https://blackkite.com/blog/focus-friday-tprm-insights-into-dahua-nvr4-jenkins-classloaderproxy-and-zabbix-vulnerabilities-with-black-kites-focustags) CT=text/html; charset=utf-8
 [HTTP] article GET https://blackkite.com/blog/black-kite-bridge-enables-industry-first-risk-collaboration-across-vendor-ecosystem -> 200 (final: https://blackkite.com/blog/black-kite-bridge-enables-industry-first-risk-collaboration-across-vendor-ecosystem) CT=text/html; charset=utf-8
 [HTTP] article GET https://blackkite.com/blog/black-kite-achieves-soc-2--type-2-compliance -> 200 (final: https://blackkite.com/blog/black-kite-achieves-soc-2--type-2-compliance) CT=text/html; charset=utf-8
 [HTTP] article GET https://blackkite.com/blog/focus-friday-tprm-insights-into-the-pan-os-cleartext-vulnerability--a-sneak-peek-into-whats-next -> 200 (final: https://blackkite.com/blog/focus-friday-tprm-insights-into-the-pan-os-cleartext-vulnerability--a-sneak-peek-into-whats-next) CT=text/html; charset=utf-8
 [HTTP] article GET https://blackkite.com/blog/focus-friday-tprm-insights-on-gogs-internet-explorer-docker-authz-and-jumpserver-vulnerabilities -> 200 (final: https://blackkite.com/blog/focus-friday-tprm-insights-on-gogs-internet-explorer-docker-authz-and-jumpserver-vulnerabilities) CT=text/html; charset=utf-8
 [HTTP] article GET https://blackkite.com/blog/tprm-myth-you-cant-see-nth-party-risks -> 200 (final: https://blackkite.com/blog/tprm-myth-you-cant-see-nth-party-risks) CT=text/html; charset=utf-8
 [HTTP] article GET https://blackkite.com/blog/focus-friday-tprm-insights-on-vmware-esxi-authentication-bypass-vulnerability -> 200 (final: https://blackkite.com/blog/focus-friday-tprm-insights-on-vmware-esxi-authentication-bypass-vulnerability) CT=text/html; charset=utf-8
 [HTTP] article GET https://blackkite.com/blog/tprm-myth-you-cant-predict-ransomware -> 200 (final: https://blackkite.com/blog/tprm-myth-you-cant-predict-ransomware) CT=text/html; charset=utf-8
 [HTTP] article GET https://blackkite.com/blog/focus-friday-managing-third-party-risks-from-dahua-ip-camera-sonicwall-firewall-and-wpml-filecatalyst-workflow-vulnerabilities-with-black-kites-focustags -> 200 (final: https://blackkite.com/blog/focus-friday-managing-third-party-risks-from-dahua-ip-camera-sonicwall-firewall-and-wpml-filecatalyst-workflow-vulnerabilities-with-black-kites-focustags) CT=text/html; charset=utf-8
 [HTTP] article GET https://blackkite.com/blog/three-new-solutions-from-black-kite-automate-compliance-of-third-party-cyber-assessments-with-industrys-first-cyber-aware-ai-engine -> 200 (final: https://blackkite.com/blog/three-new-solutions-from-black-kite-automate-compliance-of-third-party-cyber-assessments-with-industrys-first-cyber-aware-ai-engine) CT=text/html; charset=utf-8
 • Summary [blackkite]: new_fetched=15, new_used=15, reused=15, prev_cached=30, seen_before=240, seen_added=15
Wrote feeds/blackkite.xml

=== Processing: Blackpoint Cyber Blog (https://blackpointcyber.com/blog/) -> feeds/blackpoint-blog.xml
 robots.txt respected: True
 • using sitemap fallback …
 [HTTP] robots GET https://blackpointcyber.com/robots.txt -> 200 (final: https://blackpointcyber.com/robots.txt) CT=text/plain
 [HTTP] sitemap GET https://blackpointcyber.com/sitemap_index.xml -> 200 (final: https://blackpointcyber.com/sitemap_index.xml) CT=text/xml; charset=UTF-8
 [HTTP] sitemap GET https://blackpointcyber.com/page-sitemap.xml -> 200 (final: https://blackpointcyber.com/page-sitemap.xml) CT=text/xml; charset=UTF-8
 [HTTP] sitemap GET https://blackpointcyber.com/bp_landing_pages-sitemap.xml -> 200 (final: https://blackpointcyber.com/bp_landing_pages-sitemap.xml) CT=text/xml; charset=UTF-8
 [HTTP] sitemap GET https://blackpointcyber.com/bp_leadership-sitemap.xml -> 200 (final: https://blackpointcyber.com/bp_leadership-sitemap.xml) CT=text/xml; charset=UTF-8
 [HTTP] sitemap GET https://blackpointcyber.com/bp_integrations-sitemap.xml -> 200 (final: https://blackpointcyber.com/bp_integrations-sitemap.xml) CT=text/xml; charset=UTF-8
 [HTTP] sitemap GET https://blackpointcyber.com/bp_resources-sitemap.xml -> 200 (final: https://blackpointcyber.com/bp_resources-sitemap.xml) CT=text/xml; charset=UTF-8
 [HTTP] sitemap GET https://blackpointcyber.com/bp_events-sitemap.xml -> 200 (final: https://blackpointcyber.com/bp_events-sitemap.xml) CT=text/xml; charset=UTF-8
 [HTTP] sitemap GET https://blackpointcyber.com/bp_thank_you_pages-sitemap.xml -> 200 (final: https://blackpointcyber.com/bp_thank_you_pages-sitemap.xml) CT=text/xml; charset=UTF-8
 [HTTP] sitemap GET https://blackpointcyber.com/category-sitemap.xml -> 200 (final: https://blackpointcyber.com/category-sitemap.xml) CT=text/xml; charset=UTF-8
 [HTTP] sitemap GET https://blackpointcyber.com/bp_resources_types-sitemap.xml -> 200 (final: https://blackpointcyber.com/bp_resources_types-sitemap.xml) CT=text/xml; charset=UTF-8
 [HTTP] sitemap GET https://blackpointcyber.com/bp_resources_topics-sitemap.xml -> 200 (final: https://blackpointcyber.com/bp_resources_topics-sitemap.xml) CT=text/xml; charset=UTF-8
 [HTTP] sitemap GET https://blackpointcyber.com/bp_resources_solutions-sitemap.xml -> 200 (final: https://blackpointcyber.com/bp_resources_solutions-sitemap.xml) CT=text/xml; charset=UTF-8
 [HTTP] sitemap GET https://blackpointcyber.com/integration_type-sitemap.xml -> 200 (final: https://blackpointcyber.com/integration_type-sitemap.xml) CT=text/xml; charset=UTF-8
 [HTTP] sitemap GET https://blackpointcyber.com/bp_team-sitemap.xml -> 200 (final: https://blackpointcyber.com/bp_team-sitemap.xml) CT=text/xml; charset=UTF-8
 [HTTP] robots-check GET https://blackpointcyber.com/robots.txt -> 200 (final: https://blackpointcyber.com/robots.txt) CT=text/plain
 [HTTP] article GET https://blackpointcyber.com/blog/ -> 200 (final: https://blackpointcyber.com/blog/) CT=text/html; charset=UTF-8
 [HTTP] article GET https://blackpointcyber.com/blog/top-4-ways-to-secure-microsoft-365-vulnerabilities/ -> 200 (final: https://blackpointcyber.com/blog/top-4-ways-to-secure-microsoft-365-vulnerabilities/) CT=text/html; charset=UTF-8
 [HTTP] article GET https://blackpointcyber.com/blog/what-would-a-data-breach-cost-you/ -> 200 (final: https://blackpointcyber.com/blog/what-would-a-data-breach-cost-you/) CT=text/html; charset=UTF-8
 [HTTP] article GET https://blackpointcyber.com/blog/a-note-from-the-ceo-on-true-managed-detection-and-response-mdr/ -> 200 (final: https://blackpointcyber.com/blog/a-note-from-the-ceo-on-true-managed-detection-and-response-mdr/) CT=text/html; charset=UTF-8
 [HTTP] article GET https://blackpointcyber.com/blog/managed-detection-and-response-built-for-msp-security/ -> 200 (final: https://blackpointcyber.com/blog/managed-detection-and-response-built-for-msp-security/) CT=text/html; charset=UTF-8
 [HTTP] article GET https://blackpointcyber.com/blog/the-confusing-cyber-security-landscape/ -> 200 (final: https://blackpointcyber.com/blog/the-confusing-cyber-security-landscape/) CT=text/html; charset=UTF-8
 [HTTP] article GET https://blackpointcyber.com/blog/cisa-warns-of-nation-state-attacks-are-you-prepared/ -> 200 (final: https://blackpointcyber.com/blog/cisa-warns-of-nation-state-attacks-are-you-prepared/) CT=text/html; charset=UTF-8
 [HTTP] article GET https://blackpointcyber.com/blog/12-cyber-security-principles-from-the-experts/ -> 200 (final: https://blackpointcyber.com/blog/12-cyber-security-principles-from-the-experts/) CT=text/html; charset=UTF-8
 [HTTP] article GET https://blackpointcyber.com/blog/spear-phishing-campaign-stopped-by-blackpoint-mdr/ -> 200 (final: https://blackpointcyber.com/blog/spear-phishing-campaign-stopped-by-blackpoint-mdr/) CT=text/html; charset=UTF-8
 [HTTP] article GET https://blackpointcyber.com/blog/blackpoint-cyber-opens-new-24-7-mdr-service/ -> 200 (final: https://blackpointcyber.com/blog/blackpoint-cyber-opens-new-24-7-mdr-service/) CT=text/html; charset=UTF-8
 [HTTP] article GET https://blackpointcyber.com/blog/olympic-destroyer-hack-how-we-wouldve-stopped-it/ -> 200 (final: https://blackpointcyber.com/blog/olympic-destroyer-hack-how-we-wouldve-stopped-it/) CT=text/html; charset=UTF-8
 [HTTP] article GET https://blackpointcyber.com/blog/bank-data-breach-insurance-heres-why-it-isnt-enough/ -> 200 (final: https://blackpointcyber.com/blog/bank-data-breach-insurance-heres-why-it-isnt-enough/) CT=text/html; charset=UTF-8
 [HTTP] article GET https://blackpointcyber.com/blog/the-infamous-friday-the-13th-virus-a-history-lesson/ -> 200 (final: https://blackpointcyber.com/blog/the-infamous-friday-the-13th-virus-a-history-lesson/) CT=text/html; charset=UTF-8
 [HTTP] article GET https://blackpointcyber.com/blog/industrial-networks-are-vulnerable-to-cyber-attacks/ -> 200 (final: https://blackpointcyber.com/blog/industrial-networks-are-vulnerable-to-cyber-attacks/) CT=text/html; charset=UTF-8
 [HTTP] article GET https://blackpointcyber.com/blog/unwrap-the-fun-this-holiday-season-with-blackpoint/ -> 200 (final: https://blackpointcyber.com/blog/unwrap-the-fun-this-holiday-season-with-blackpoint/) CT=text/html; charset=UTF-8
 • Summary [blackpoint-blog]: new_fetched=15, new_used=15, reused=15, prev_cached=30, seen_before=182, seen_added=14
Wrote feeds/blackpoint-blog.xml

=== Processing: Blackpoint Cyber Threat Intelligence &amp; Research (https://blackpointcyber.com/threat-intelligence-and-research/) -> feeds/blackpoint-ti.xml
 robots.txt respected: True
 • using sitemap fallback …
 [HTTP] robots GET https://blackpointcyber.com/robots.txt -> 200 (final: https://blackpointcyber.com/robots.txt) CT=text/plain
 [HTTP] sitemap GET https://blackpointcyber.com/sitemap_index.xml -> 200 (final: https://blackpointcyber.com/sitemap_index.xml) CT=text/xml; charset=UTF-8
 [HTTP] sitemap GET https://blackpointcyber.com/page-sitemap.xml -> 200 (final: https://blackpointcyber.com/page-sitemap.xml) CT=text/xml; charset=UTF-8
 [HTTP] sitemap GET https://blackpointcyber.com/bp_landing_pages-sitemap.xml -> 200 (final: https://blackpointcyber.com/bp_landing_pages-sitemap.xml) CT=text/xml; charset=UTF-8
 [HTTP] sitemap GET https://blackpointcyber.com/bp_leadership-sitemap.xml -> 200 (final: https://blackpointcyber.com/bp_leadership-sitemap.xml) CT=text/xml; charset=UTF-8
 [HTTP] sitemap GET https://blackpointcyber.com/bp_integrations-sitemap.xml -> 200 (final: https://blackpointcyber.com/bp_integrations-sitemap.xml) CT=text/xml; charset=UTF-8
 [HTTP] sitemap GET https://blackpointcyber.com/bp_resources-sitemap.xml -> 200 (final: https://blackpointcyber.com/bp_resources-sitemap.xml) CT=text/xml; charset=UTF-8
 [HTTP] sitemap GET https://blackpointcyber.com/bp_events-sitemap.xml -> 200 (final: https://blackpointcyber.com/bp_events-sitemap.xml) CT=text/xml; charset=UTF-8
 [HTTP] sitemap GET https://blackpointcyber.com/bp_thank_you_pages-sitemap.xml -> 200 (final: https://blackpointcyber.com/bp_thank_you_pages-sitemap.xml) CT=text/xml; charset=UTF-8
 [HTTP] sitemap GET https://blackpointcyber.com/category-sitemap.xml -> 200 (final: https://blackpointcyber.com/category-sitemap.xml) CT=text/xml; charset=UTF-8
 [HTTP] sitemap GET https://blackpointcyber.com/bp_resources_types-sitemap.xml -> 200 (final: https://blackpointcyber.com/bp_resources_types-sitemap.xml) CT=text/xml; charset=UTF-8
 [HTTP] sitemap GET https://blackpointcyber.com/bp_resources_topics-sitemap.xml -> 200 (final: https://blackpointcyber.com/bp_resources_topics-sitemap.xml) CT=text/xml; charset=UTF-8
 [HTTP] sitemap GET https://blackpointcyber.com/bp_resources_solutions-sitemap.xml -> 200 (final: https://blackpointcyber.com/bp_resources_solutions-sitemap.xml) CT=text/xml; charset=UTF-8
 [HTTP] sitemap GET https://blackpointcyber.com/integration_type-sitemap.xml -> 200 (final: https://blackpointcyber.com/integration_type-sitemap.xml) CT=text/xml; charset=UTF-8
 [HTTP] sitemap GET https://blackpointcyber.com/bp_team-sitemap.xml -> 200 (final: https://blackpointcyber.com/bp_team-sitemap.xml) CT=text/xml; charset=UTF-8
 • Summary [blackpoint-ti]: new_fetched=0, new_used=0, reused=24, prev_cached=24, seen_before=23, seen_added=0
Wrote feeds/blackpoint-ti.xml

=== Processing: BlueVoyant Blog (https://www.bluevoyant.com/blog) -> feeds/bluevoyant.xml
 robots.txt respected: True
 • crawling index/listing page(s) …
 [HTTP] robots-check GET https://www.bluevoyant.com/robots.txt -> 200 (final: https://www.bluevoyant.com/robots.txt) CT=text/plain; charset=utf-8
 [HTTP] index-listing GET https://www.bluevoyant.com/blog -> 403 (final: https://www.bluevoyant.com/blog) CT=text/html; charset=UTF-8
 [HTTP] index-listing body snippet: <!DOCTYPE html><html lang="en-US"><head><title>Just a moment...</title><meta http-equiv="Content-Type" content="text/html; charset=UTF-8"><meta http-equiv="X-UA-Compatible" content="IE=Edge"><meta nam
 • Summary [bluevoyant]: new_fetched=0, new_used=0, reused=1, prev_cached=0, seen_before=0, seen_added=0
Wrote feeds/bluevoyant.xml

=== Processing: Breakpoint Labs Blog (https://breakpoint-labs.com/blog/) -> feeds/breakpoint-labs.xml
 robots.txt respected: True
 • using sitemap fallback …
 [HTTP] robots GET https://breakpoint-labs.com/robots.txt -> 202 (final: https://breakpoint-labs.com/robots.txt) CT=text/html
 [HTTP] robots body snippet: <html><head><link rel="icon" href="data:;"><meta http-equiv="refresh" content="0;/.well-known/sgcaptcha/?r=%2Frobots.txt&y=ipr:132.196.83.36:1773063814.780"></meta></head></html>
 [HTTP] sitemap GET https://breakpoint-labs.com/post-sitemap.xml -> 202 (final: https://breakpoint-labs.com/post-sitemap.xml) CT=text/html
 [HTTP] sitemap body snippet: <html><head><link rel="icon" href="data:;"><meta http-equiv="refresh" content="0;/.well-known/sgcaptcha/?r=%2Fpost-sitemap.xml&y=ipc:132.196.83.36:1773063815.345"></meta></head></html>
 [HTTP] sitemap GET https://breakpoint-labs.com/sitemap.xml -> 202 (final: https://breakpoint-labs.com/sitemap.xml) CT=text/html
 [HTTP] sitemap body snippet: <html><head><link rel="icon" href="data:;"><meta http-equiv="refresh" content="0;/.well-known/sgcaptcha/?r=%2Fsitemap.xml&y=ipc:132.196.83.36:1773063815.385"></meta></head></html>
 [HTTP] sitemap GET https://breakpoint-labs.com/sitemap_index.xml -> 202 (final: https://breakpoint-labs.com/sitemap_index.xml) CT=text/html
 [HTTP] sitemap body snippet: <html><head><link rel="icon" href="data:;"><meta http-equiv="refresh" content="0;/.well-known/sgcaptcha/?r=%2Fsitemap_index.xml&y=ipc:132.196.83.36:1773063815.425"></meta></head></html>
 [HTTP] sitemap GET https://breakpoint-labs.com/sitemap.xml.gz -> 202 (final: https://breakpoint-labs.com/sitemap.xml.gz) CT=text/html
 [HTTP] sitemap body snippet: <html><head><link rel="icon" href="data:;"><meta http-equiv="refresh" content="0;/.well-known/sgcaptcha/?r=%2Fsitemap.xml.gz&y=ipc:132.196.83.36:1773063815.465"></meta></head></html>
 [HTTP] sitemap GET https://breakpoint-labs.com/sitemap_index.xml.gz -> 202 (final: https://breakpoint-labs.com/sitemap_index.xml.gz) CT=text/html
 [HTTP] sitemap body snippet: <html><head><link rel="icon" href="data:;"><meta http-equiv="refresh" content="0;/.well-known/sgcaptcha/?r=%2Fsitemap_index.xml.gz&y=ipc:132.196.83.36:1773063815.505"></meta></head></html>
 • Summary [breakpoint-labs]: new_fetched=0, new_used=0, reused=17, prev_cached=17, seen_before=16, seen_added=0
Wrote feeds/breakpoint-labs.xml

=== Processing: Bridewell Blogs (https://www.bridewell.com/insights/blogs) -> feeds/bridewell.xml
 robots.txt respected: True
 • using sitemap fallback …
 [HTTP] robots GET https://www.bridewell.com/robots.txt -> 200 (final: https://www.bridewell.com/robots.txt) CT=text/plain; charset=utf-8
 [HTTP] sitemap GET https://www.bridewell.com/sitemap/sitemap.xml -> 200 (final: https://www.bridewell.com/sitemap/sitemap.xml) CT=application/octet-stream
 [HTTP] sitemap GET https://www.bridewell.com/sitemap.xml -> 404 (final: https://www.bridewell.com/sitemap.xml) CT=text/html; charset=utf-8
 [HTTP] sitemap body snippet:  <!DOCTYPE html> <html lang="en"> <head> <meta charset="utf-8" /> <meta name="viewport" content="width=device-width, initial-scale=1, shrink-to-fit=no"> <meta name="format-detection" content="telephon
 [HTTP] sitemap GET https://www.bridewell.com/sitemap_index.xml -> 404 (final: https://www.bridewell.com/sitemap_index.xml) CT=text/html; charset=utf-8
 [HTTP] sitemap body snippet:  <!DOCTYPE html> <html lang="en"> <head> <meta charset="utf-8" /> <meta name="viewport" content="width=device-width, initial-scale=1, shrink-to-fit=no"> <meta name="format-detection" content="telephon
 [HTTP] sitemap GET https://www.bridewell.com/sitemap.xml.gz -> 404 (final: https://www.bridewell.com/sitemap.xml.gz) CT=text/html; charset=utf-8
 [HTTP] sitemap body snippet:  <!DOCTYPE html> <html lang="en"> <head> <meta charset="utf-8" /> <meta name="viewport" content="width=device-width, initial-scale=1, shrink-to-fit=no"> <meta name="format-detection" content="telephon
 [HTTP] sitemap GET https://www.bridewell.com/sitemap_index.xml.gz -> 404 (final: https://www.bridewell.com/sitemap_index.xml.gz) CT=text/html; charset=utf-8
 [HTTP] sitemap body snippet:  <!DOCTYPE html> <html lang="en"> <head> <meta charset="utf-8" /> <meta name="viewport" content="width=device-width, initial-scale=1, shrink-to-fit=no"> <meta name="format-detection" content="telephon
 • Summary [bridewell]: new_fetched=0, new_used=0, reused=30, prev_cached=30, seen_before=28, seen_added=0
Wrote feeds/bridewell.xml

=== Processing: Censys Blog (https://censys.com/resources/blog) -> feeds/censys.xml
 robots.txt respected: True
 • using sitemap fallback …
 [HTTP] robots GET https://censys.com/robots.txt -> 200 (final: https://censys.com/robots.txt) CT=text/plain
 [HTTP] sitemap GET https://censys.com/sitemap_index.xml -> 200 (final: https://censys.com/sitemap_index.xml) CT=text/xml; charset=UTF-8
 [HTTP] sitemap GET https://censys.com/post-sitemap.xml -> 200 (final: https://censys.com/post-sitemap.xml) CT=text/xml; charset=UTF-8
 [HTTP] sitemap GET https://censys.com/page-sitemap.xml -> 200 (final: https://censys.com/page-sitemap.xml) CT=text/xml; charset=UTF-8
 [HTTP] sitemap GET https://censys.com/case-study-sitemap.xml -> 200 (final: https://censys.com/case-study-sitemap.xml) CT=text/xml; charset=UTF-8
 [HTTP] sitemap GET https://censys.com/ebook-sitemap.xml -> 200 (final: https://censys.com/ebook-sitemap.xml) CT=text/xml; charset=UTF-8
 [HTTP] sitemap GET https://censys.com/one-pager-sitemap.xml -> 200 (final: https://censys.com/one-pager-sitemap.xml) CT=text/xml; charset=UTF-8
 [HTTP] sitemap GET https://censys.com/podcast-video-sitemap.xml -> 200 (final: https://censys.com/podcast-video-sitemap.xml) CT=text/xml; charset=UTF-8
 [HTTP] sitemap GET https://censys.com/report-sitemap.xml -> 200 (final: https://censys.com/report-sitemap.xml) CT=text/xml; charset=UTF-8
 [HTTP] sitemap GET https://censys.com/advisory-sitemap.xml -> 200 (final: https://censys.com/advisory-sitemap.xml) CT=text/xml; charset=UTF-8
 [HTTP] sitemap GET https://censys.com/webinar-sitemap.xml -> 200 (final: https://censys.com/webinar-sitemap.xml) CT=text/xml; charset=UTF-8
 [HTTP] sitemap GET https://censys.com/category-sitemap.xml -> 200 (final: https://censys.com/category-sitemap.xml) CT=text/xml; charset=UTF-8
 [HTTP] sitemap GET https://censys.com/post_tag-sitemap.xml -> 200 (final: https://censys.com/post_tag-sitemap.xml) CT=text/xml; charset=UTF-8
 [HTTP] sitemap GET https://censys.com/case-study-tag-sitemap.xml -> 200 (final: https://censys.com/case-study-tag-sitemap.xml) CT=text/xml; charset=UTF-8
 [HTTP] sitemap GET https://censys.com/one-pager-tag-sitemap.xml -> 200 (final: https://censys.com/one-pager-tag-sitemap.xml) CT=text/xml; charset=UTF-8
 [HTTP] sitemap GET https://censys.com/podcast-and-video-tag-sitemap.xml -> 200 (final: https://censys.com/podcast-and-video-tag-sitemap.xml) CT=text/xml; charset=UTF-8
 [HTTP] sitemap GET https://censys.com/post-author-sitemap.xml -> 200 (final: https://censys.com/post-author-sitemap.xml) CT=text/xml; charset=UTF-8
 [HTTP] sitemap GET https://censys.com/report-tag-sitemap.xml -> 200 (final: https://censys.com/report-tag-sitemap.xml) CT=text/xml; charset=UTF-8
 [HTTP] sitemap GET https://censys.com/advisory-tag-sitemap.xml -> 200 (final: https://censys.com/advisory-tag-sitemap.xml) CT=text/xml; charset=UTF-8
 [HTTP] sitemap GET https://censys.com/webinar-tag-sitemap.xml -> 200 (final: https://censys.com/webinar-tag-sitemap.xml) CT=text/xml; charset=UTF-8
 [HTTP] robots-check GET https://censys.com/robots.txt -> 200 (final: https://censys.com/robots.txt) CT=text/plain
 [HTTP] article GET https://censys.com/blog/the-perils-of-false-positives/ -> 200 (final: https://censys.com/blog/the-perils-of-false-positives/) CT=text/html; charset=UTF-8
 [HTTP] article GET https://censys.com/blog/back-to-the-future-how-historical-data-can-enhance-your-cyber-defenses/ -> 200 (final: https://censys.com/blog/back-to-the-future-how-historical-data-can-enhance-your-cyber-defenses/) CT=text/html; charset=UTF-8
 [HTTP] article GET https://censys.com/blog/beyondtrust-cve-2024-12356/ -> 200 (final: https://censys.com/blog/beyondtrust-cve-2024-12356/) CT=text/html; charset=UTF-8
 [HTTP] article GET https://censys.com/blog/boost-your-threat-hunting-skills-with-these-5-informative-webinars/ -> 200 (final: https://censys.com/blog/boost-your-threat-hunting-skills-with-these-5-informative-webinars/) CT=text/html; charset=UTF-8
 [HTTP] article GET https://censys.com/blog/the-end-of-stale-indicators/ -> 200 (final: https://censys.com/blog/the-end-of-stale-indicators/) CT=text/html; charset=UTF-8
 [HTTP] article GET https://censys.com/blog/will-the-real-volt-typhoon-please-stand-up/ -> 200 (final: https://censys.com/blog/will-the-real-volt-typhoon-please-stand-up/) CT=text/html; charset=UTF-8
 [HTTP] article GET https://censys.com/blog/using-censys-to-track-the-murdoc-botnet-campaign/ -> 200 (final: https://censys.com/blog/using-censys-to-track-the-murdoc-botnet-campaign/) CT=text/html; charset=UTF-8
 [HTTP] article GET https://censys.com/blog/how-censys-search-helps-prevent-phishing-attacks-by-monitoring-ssl-tls-certificates/ -> 200 (final: https://censys.com/blog/how-censys-search-helps-prevent-phishing-attacks-by-monitoring-ssl-tls-certificates/) CT=text/html; charset=UTF-8
 [HTTP] article GET https://censys.com/blog/cybersecurity-predictions-for-2025/ -> 200 (final: https://censys.com/blog/cybersecurity-predictions-for-2025/) CT=text/html; charset=UTF-8
 [HTTP] article GET https://censys.com/blog/from-vulnerable-to-vigilant-3-critical-actions-to-protect-healthcare-from-cyber-threats/ -> 200 (final: https://censys.com/blog/from-vulnerable-to-vigilant-3-critical-actions-to-protect-healthcare-from-cyber-threats/) CT=text/html; charset=UTF-8
 [HTTP] article GET https://censys.com/blog/the-global-impact-of-cve-2024-24919-in-checkpoint-vpn-gateways/ -> 200 (final: https://censys.com/blog/the-global-impact-of-cve-2024-24919-in-checkpoint-vpn-gateways/) CT=text/html; charset=UTF-8
 [HTTP] article GET https://censys.com/blog/considering-an-easm-solution-heres-what-to-look-for/ -> 200 (final: https://censys.com/blog/considering-an-easm-solution-heres-what-to-look-for/) CT=text/html; charset=UTF-8
 [HTTP] article GET https://censys.com/blog/analysis-of-arcanedoor-threat-infrastructure-suggests-potential-ties-to-chinese-based-actor/ -> 200 (final: https://censys.com/blog/analysis-of-arcanedoor-threat-infrastructure-suggests-potential-ties-to-chinese-based-actor/) CT=text/html; charset=UTF-8
 [HTTP] article GET https://censys.com/blog/water-ics-exposures-highlight-vulnerabilities-in-critical-infrastructure-security/ -> 200 (final: https://censys.com/blog/water-ics-exposures-highlight-vulnerabilities-in-critical-infrastructure-security/) CT=text/html; charset=UTF-8
 [HTTP] article GET https://censys.com/blog/scouting-a-threat-actor/ -> 200 (final: https://censys.com/blog/scouting-a-threat-actor/) CT=text/html; charset=UTF-8
 • Summary [censys]: new_fetched=15, new_used=15, reused=15, prev_cached=30, seen_before=195, seen_added=15
Wrote feeds/censys.xml

=== Processing: Chollima Group Blog (https://chollima-group.io/) -> feeds/chollima.xml
 robots.txt respected: False
 • scraping listing page …
 [HTTP] scrape-listing GET https://chollima-group.io/ -> 403 (final: https://chollima-group.io/) CT=text/html; charset=UTF-8
 [HTTP] scrape-listing body snippet: <!DOCTYPE html><html lang="en-US"><head><title>Just a moment...</title><meta http-equiv="Content-Type" content="text/html; charset=UTF-8"><meta http-equiv="X-UA-Compatible" content="IE=Edge"><meta nam
 ! scrape_items listing fetch error: 403 Client Error: Forbidden for url: https://chollima-group.io/
 • Summary [chollima]: new_fetched=0, new_used=0, reused=1, prev_cached=1, seen_before=0, seen_added=0
Wrote feeds/chollima.xml

=== Processing: CrowdStrike Adversaries Universe (https://www.crowdstrike.com/en-us/adversaries/) -> feeds/crowdStrike-adversaries-universe.xml
 robots.txt respected: True
 • using sitemap fallback …
 [HTTP] robots GET https://www.crowdstrike.com/robots.txt -> 200 (final: https://www.crowdstrike.com/robots.txt) CT=text/plain
 [HTTP] sitemap GET https://www.crowdstrike.com/sitemap_index.xml -> 200 (final: https://www.crowdstrike.com/sitemap_index.xml) CT=application/xml
 [HTTP] sitemap GET https://www.crowdstrike.com/post-sitemap.xml -> 200 (final: https://www.crowdstrike.com/post-sitemap.xml) CT=application/xml
 [HTTP] sitemap GET https://www.crowdstrike.com/post-sitemap2.xml -> 200 (final: https://www.crowdstrike.com/post-sitemap2.xml) CT=application/xml
 [HTTP] sitemap GET https://www.crowdstrike.com/page-sitemap.xml -> 200 (final: https://www.crowdstrike.com/page-sitemap.xml) CT=application/xml
 [HTTP] sitemap GET https://www.crowdstrike.com/adversary-universe-sitemap.xml -> 200 (final: https://www.crowdstrike.com/adversary-universe-sitemap.xml) CT=application/xml
 [HTTP] sitemap GET https://www.crowdstrike.com/cms-sitemap.xml -> 200 (final: https://www.crowdstrike.com/cms-sitemap.xml) CT=application/xml
 • Summary [crowdStrike-adversaries-universe]: new_fetched=0, new_used=0, reused=30, prev_cached=30, seen_before=181, seen_added=0
Wrote feeds/crowdStrike-adversaries-universe.xml

=== Processing: CrowdStrike Blog (https://www.crowdstrike.com/en-us/blog/) -> feeds/crowdStrike-blog.xml
 robots.txt respected: True
 • using sitemap fallback …
 [HTTP] robots GET https://www.crowdstrike.com/robots.txt -> 200 (final: https://www.crowdstrike.com/robots.txt) CT=text/plain
 [HTTP] sitemap GET https://www.crowdstrike.com/sitemap_index.xml -> 200 (final: https://www.crowdstrike.com/sitemap_index.xml) CT=application/xml
 [HTTP] sitemap GET https://www.crowdstrike.com/post-sitemap.xml -> 200 (final: https://www.crowdstrike.com/post-sitemap.xml) CT=application/xml
 [HTTP] sitemap GET https://www.crowdstrike.com/post-sitemap2.xml -> 200 (final: https://www.crowdstrike.com/post-sitemap2.xml) CT=application/xml
 [HTTP] sitemap GET https://www.crowdstrike.com/page-sitemap.xml -> 200 (final: https://www.crowdstrike.com/page-sitemap.xml) CT=application/xml
 [HTTP] sitemap GET https://www.crowdstrike.com/adversary-universe-sitemap.xml -> 200 (final: https://www.crowdstrike.com/adversary-universe-sitemap.xml) CT=application/xml
 [HTTP] sitemap GET https://www.crowdstrike.com/cms-sitemap.xml -> 200 (final: https://www.crowdstrike.com/cms-sitemap.xml) CT=application/xml
 [HTTP] robots-check GET https://www.crowdstrike.com/robots.txt -> 200 (final: https://www.crowdstrike.com/robots.txt) CT=text/plain
 [HTTP] article GET https://www.crowdstrike.com/blog/managed-threat-hunting-meets-the-challenge-of-the-tenacious-adversary/ -> 200 (final: https://www.crowdstrike.com/en-us/blog/managed-threat-hunting-meets-the-challenge-of-the-tenacious-adversary/) CT=text/html;charset=utf-8
 [HTTP] article GET https://www.crowdstrike.com/blog/crowdstrike-provides-free-dashboard-to-identify-vulnerable-macs/ -> 200 (final: https://www.crowdstrike.com/en-us/blog/crowdstrike-provides-free-dashboard-to-identify-vulnerable-macs/) CT=text/html;charset=utf-8
 [HTTP] article GET https://www.crowdstrike.com/blog/managed-threat-hunting-bridges-the-talent-gap/ -> 200 (final: https://www.crowdstrike.com/en-us/blog/managed-threat-hunting-bridges-the-talent-gap/) CT=text/html;charset=utf-8
 [HTTP] article GET https://www.crowdstrike.com/blog/crowdstrike-receives-highest-overall-score-in-the-2018-gartner-peer-insights-customers-choice-for-epp/ -> 200 (final: https://www.crowdstrike.com/en-us/blog/crowdstrike-receives-highest-overall-score-in-the-2018-gartner-peer-insights-customers-choice-for-epp/) CT=text/html;charset=utf-8
 [HTTP] article GET https://www.crowdstrike.com/blog/crowdstrike-demystifies-threats-with-mitre-attck/ -> 200 (final: https://www.crowdstrike.com/en-us/blog/crowdstrike-demystifies-threats-with-mitre-attck/) CT=text/html;charset=utf-8
 [HTTP] article GET https://www.crowdstrike.com/blog/meet-crowdstrikes-adversary-of-the-month-for-november-helix-kitten/ -> 200 (final: https://www.crowdstrike.com/en-us/blog/meet-crowdstrikes-adversary-of-the-month-for-november-helix-kitten/) CT=text/html;charset=utf-8
 [HTTP] article GET https://www.crowdstrike.com/blog/farewell-to-kelihos-and-zombie-spider/ -> 200 (final: https://www.crowdstrike.com/en-us/blog/farewell-to-kelihos-and-zombie-spider/) CT=text/html;charset=utf-8
 [HTTP] article GET https://www.crowdstrike.com/blog/mitre-attck-why-detections-and-tainted-telemetry-are-required-for-an-effective-edr-solution/ -> 200 (final: https://www.crowdstrike.com/en-us/blog/mitre-attck-why-detections-and-tainted-telemetry-are-required-for-an-effective-edr-solution/) CT=text/html;charset=utf-8
 [HTTP] article GET https://www.crowdstrike.com/blog/big-data-graph-and-the-cloud-three-keys-to-stopping-todays-threats/ -> 200 (final: https://www.crowdstrike.com/en-us/blog/big-data-graph-and-the-cloud-three-keys-to-stopping-todays-threats/) CT=text/html;charset=utf-8
 [HTTP] article GET https://www.crowdstrike.com/blog/confessions-of-a-responder-the-hardest-part-of-incident-response-investigations/ -> 200 (final: https://www.crowdstrike.com/en-us/blog/confessions-of-a-responder-the-hardest-part-of-incident-response-investigations/) CT=text/html;charset=utf-8
 [HTTP] article GET https://www.crowdstrike.com/blog/adversary-extends-persistence-by-modifying-system-binaries/ -> 200 (final: https://www.crowdstrike.com/en-us/blog/adversary-extends-persistence-by-modifying-system-binaries/) CT=text/html;charset=utf-8
 [HTTP] article GET https://www.crowdstrike.com/blog/digging-into-bokbots-core-module/ -> 200 (final: https://www.crowdstrike.com/en-us/blog/digging-into-bokbots-core-module/) CT=text/html;charset=utf-8
 [HTTP] article GET https://www.crowdstrike.com/blog/visibility-and-granular-control-the-secret-to-securing-usb-devices-in-the-workplace/ -> 200 (final: https://www.crowdstrike.com/en-us/blog/visibility-and-granular-control-the-secret-to-securing-usb-devices-in-the-workplace/) CT=text/html;charset=utf-8
 [HTTP] article GET https://www.crowdstrike.com/blog/analyzing-targeted-intrusions-through-the-attck-framework-lens-video/ -> 200 (final: https://www.crowdstrike.com/en-us/blog/analyzing-targeted-intrusions-through-the-attck-framework-lens-video/) CT=text/html;charset=utf-8
 [HTTP] article GET https://www.crowdstrike.com/blog/widespread-dns-hijacking-activity-targets-multiple-sectors/ -> 200 (final: https://www.crowdstrike.com/en-us/blog/widespread-dns-hijacking-activity-targets-multiple-sectors/) CT=text/html;charset=utf-8
 • Summary [crowdStrike-blog]: new_fetched=15, new_used=15, reused=15, prev_cached=30, seen_before=165, seen_added=15
Wrote feeds/crowdStrike-blog.xml

=== Processing: Cyjax Resources (Blog filter) (https://www.cyjax.com/resources?0402ca75_category_equal=Blog) -> feeds/cyjax.xml
 robots.txt respected: True
 • using sitemap fallback …
 [HTTP] robots GET https://www.cyjax.com/robots.txt -> 200 (final: https://www.cyjax.com/robots.txt) CT=text/plain; charset=utf-8
 [HTTP] sitemap GET https://www.cyjax.com/sitemap.xml -> 200 (final: https://www.cyjax.com/sitemap.xml) CT=application/rss+xml; charset=utf-8
 [HTTP] robots-check GET https://www.cyjax.com/robots.txt -> 200 (final: https://www.cyjax.com/robots.txt) CT=text/plain; charset=utf-8
 [HTTP] article GET https://www.cyjax.com/resources/blog/hows-that-for-a-malicious-linkc-new-group-launches-dls -> 200 (final: https://www.cyjax.com/resources/blog/hows-that-for-a-malicious-linkc-new-group-launches-dls) CT=text/html; charset=utf-8
 [HTTP] article GET https://www.cyjax.com/resources/blog/ian-thornton-trump-cyjax-know-your-attack-surface-and-start-to-use-intelligence-to-understand-what-threats-are-most-relevant-to-your-business -> 200 (final: https://www.cyjax.com/resources/blog/ian-thornton-trump-cyjax-know-your-attack-surface-and-start-to-use-intelligence-to-understand-what-threats-are-most-relevant-to-your-business) CT=text/html; charset=utf-8
 [HTTP] article GET https://www.cyjax.com/resources/blog/importance-of-speed-in-threat-intelligence -> 200 (final: https://www.cyjax.com/resources/blog/importance-of-speed-in-threat-intelligence) CT=text/html; charset=utf-8
 [HTTP] article GET https://www.cyjax.com/resources/blog/infosecurity-europe-2025-a-milestone-first-for-cyjax -> 200 (final: https://www.cyjax.com/resources/blog/infosecurity-europe-2025-a-milestone-first-for-cyjax) CT=text/html; charset=utf-8
 [HTTP] article GET https://www.cyjax.com/resources/blog/initial-access-brokers-explained -> 200 (final: https://www.cyjax.com/resources/blog/initial-access-brokers-explained) CT=text/html; charset=utf-8
 [HTTP] article GET https://www.cyjax.com/resources/blog/inside-the-surge-of-cyber-attacks-targeting-manufacturing -> 200 (final: https://www.cyjax.com/resources/blog/inside-the-surge-of-cyber-attacks-targeting-manufacturing) CT=text/html; charset=utf-8
 [HTTP] article GET https://www.cyjax.com/resources/blog/insider-threats-the-silent-risk-lurking-within-organisations -> 200 (final: https://www.cyjax.com/resources/blog/insider-threats-the-silent-risk-lurking-within-organisations) CT=text/html; charset=utf-8
 [HTTP] article GET https://www.cyjax.com/resources/blog/inspiring-individuals-organisations-to-roar -> 200 (final: https://www.cyjax.com/resources/blog/inspiring-individuals-organisations-to-roar) CT=text/html; charset=utf-8
 [HTTP] article GET https://www.cyjax.com/resources/blog/iocs-gotta-catch-em-all -> 200 (final: https://www.cyjax.com/resources/blog/iocs-gotta-catch-em-all) CT=text/html; charset=utf-8
 [HTTP] article GET https://www.cyjax.com/resources/blog/iran-and-the-usa-an-escalation-in-cyber-warfare -> 200 (final: https://www.cyjax.com/resources/blog/iran-and-the-usa-an-escalation-in-cyber-warfare) CT=text/html; charset=utf-8
 [HTTP] article GET https://www.cyjax.com/resources/blog/is-that-ra-nope-it-is-raas-dls-emerges-for-new-extortion-group-anubis -> 200 (final: https://www.cyjax.com/resources/blog/is-that-ra-nope-it-is-raas-dls-emerges-for-new-extortion-group-anubis) CT=text/html; charset=utf-8
 [HTTP] article GET https://www.cyjax.com/resources/blog/jhonerat-a-multi-stage-targeted-malware-infection -> 200 (final: https://www.cyjax.com/resources/blog/jhonerat-a-multi-stage-targeted-malware-infection) CT=text/html; charset=utf-8
 [HTTP] article GET https://www.cyjax.com/resources/blog/kairos-extortion-group-turns-to-initial-access-brokers -> 200 (final: https://www.cyjax.com/resources/blog/kairos-extortion-group-turns-to-initial-access-brokers) CT=text/html; charset=utf-8
 [HTTP] article GET https://www.cyjax.com/resources/blog/kazakhstan-moving-on -> 200 (final: https://www.cyjax.com/resources/blog/kazakhstan-moving-on) CT=text/html; charset=utf-8
 [HTTP] article GET https://www.cyjax.com/resources/blog/kraken-onto-the-extortion-scene-new-kraken-dls-emerges -> 200 (final: https://www.cyjax.com/resources/blog/kraken-onto-the-extortion-scene-new-kraken-dls-emerges) CT=text/html; charset=utf-8
 • Summary [cyjax]: new_fetched=15, new_used=15, reused=15, prev_cached=30, seen_before=195, seen_added=15
Wrote feeds/cyjax.xml

=== Processing: CyberArmor Blog (https://cyberarmor.tech/blog) -> feeds/cyberarmor.xml
 robots.txt respected: True
 • using sitemap fallback …
 [HTTP] robots GET https://cyberarmor.tech/robots.txt -> 200 (final: https://cyberarmor.tech/robots.txt) CT=text/plain; charset=utf-8
 [HTTP] sitemap GET https://cyberarmor.tech/sitemap.xml -> 200 (final: https://cyberarmor.tech/sitemap.xml) CT=application/rss+xml; charset=utf-8
 [HTTP] sitemap GET https://cyberarmor.tech/sitemap_index.xml -> 404 (final: https://cyberarmor.tech/sitemap_index.xml) CT=text/html; charset=utf-8
 [HTTP] sitemap body snippet: <!DOCTYPE html> <html lang="en">  <head>     <meta charset="utf-8">     <title>404 - Page not found</title>     <meta content="The page you are looking for doesn&#x27;t exist or has been moved." name=
 [HTTP] sitemap GET https://cyberarmor.tech/sitemap.xml.gz -> 404 (final: https://cyberarmor.tech/sitemap.xml.gz) CT=text/html; charset=utf-8
 [HTTP] sitemap body snippet: <!DOCTYPE html> <html lang="en">  <head>     <meta charset="utf-8">     <title>404 - Page not found</title>     <meta content="The page you are looking for doesn&#x27;t exist or has been moved." name=
 [HTTP] sitemap GET https://cyberarmor.tech/sitemap_index.xml.gz -> 404 (final: https://cyberarmor.tech/sitemap_index.xml.gz) CT=text/html; charset=utf-8
 [HTTP] sitemap body snippet: <!DOCTYPE html> <html lang="en">  <head>     <meta charset="utf-8">     <title>404 - Page not found</title>     <meta content="The page you are looking for doesn&#x27;t exist or has been moved." name=
 • Summary [cyberarmor]: new_fetched=0, new_used=0, reused=30, prev_cached=30, seen_before=30, seen_added=0
Wrote feeds/cyberarmor.xml

=== Processing: Cyberint Blog cyber-threats (https://cyberthint.io/category/cyber-threats/) -> feeds/cyberint-cyber-threats.xml
 robots.txt respected: True
 • using sitemap fallback …
 [HTTP] robots GET https://cyberthint.io/robots.txt -> 200 (final: https://cyberthint.io/robots.txt) CT=text/plain; charset=utf-8
 [HTTP] sitemap GET https://cyberthint.io/sitemap.xml -> 403 (final: https://cyberthint.io/sitemap.xml) CT=text/html; charset=UTF-8
 [HTTP] sitemap body snippet: <!DOCTYPE html><html lang="en-US"><head><title>Just a moment...</title><meta http-equiv="Content-Type" content="text/html; charset=UTF-8"><meta http-equiv="X-UA-Compatible" content="IE=Edge"><meta nam
 [HTTP] sitemap GET https://cyberthint.io/sitemap.html -> 403 (final: https://cyberthint.io/sitemap.html) CT=text/html; charset=UTF-8
 [HTTP] sitemap body snippet: <!DOCTYPE html><html lang="en-US"><head><title>Just a moment...</title><meta http-equiv="Content-Type" content="text/html; charset=UTF-8"><meta http-equiv="X-UA-Compatible" content="IE=Edge"><meta nam
 [HTTP] sitemap GET https://cyberthint.io/sitemap_index.xml -> 403 (final: https://cyberthint.io/sitemap_index.xml) CT=text/html; charset=UTF-8
 [HTTP] sitemap body snippet: <!DOCTYPE html><html lang="en-US"><head><title>Just a moment...</title><meta http-equiv="Content-Type" content="text/html; charset=UTF-8"><meta http-equiv="X-UA-Compatible" content="IE=Edge"><meta nam
 [HTTP] sitemap GET https://cyberthint.io/sitemap.xml.gz -> 403 (final: https://cyberthint.io/sitemap.xml.gz) CT=text/html; charset=UTF-8
 [HTTP] sitemap body snippet: <!DOCTYPE html><html lang="en-US"><head><title>Just a moment...</title><meta http-equiv="Content-Type" content="text/html; charset=UTF-8"><meta http-equiv="X-UA-Compatible" content="IE=Edge"><meta nam
 [HTTP] sitemap GET https://cyberthint.io/sitemap_index.xml.gz -> 403 (final: https://cyberthint.io/sitemap_index.xml.gz) CT=text/html; charset=UTF-8
 [HTTP] sitemap body snippet: <!DOCTYPE html><html lang="en-US"><head><title>Just a moment...</title><meta http-equiv="Content-Type" content="text/html; charset=UTF-8"><meta http-equiv="X-UA-Compatible" content="IE=Edge"><meta nam
 • Summary [cyberint-cyber-threats]: new_fetched=0, new_used=0, reused=1, prev_cached=1, seen_before=0, seen_added=0
Wrote feeds/cyberint-cyber-threats.xml

=== Processing: Cyberint Blog threat-intelligence-reports (https://cyberthint.io/category/threat-intelligence-reports/) -> feeds/cyberint-threat-intelligence-reports.xml
 robots.txt respected: True
 • using sitemap fallback …
 [HTTP] robots GET https://cyberthint.io/robots.txt -> 200 (final: https://cyberthint.io/robots.txt) CT=text/plain; charset=utf-8
 [HTTP] sitemap GET https://cyberthint.io/sitemap.xml -> 403 (final: https://cyberthint.io/sitemap.xml) CT=text/html; charset=UTF-8
 [HTTP] sitemap body snippet: <!DOCTYPE html><html lang="en-US"><head><title>Just a moment...</title><meta http-equiv="Content-Type" content="text/html; charset=UTF-8"><meta http-equiv="X-UA-Compatible" content="IE=Edge"><meta nam
 [HTTP] sitemap GET https://cyberthint.io/sitemap.html -> 403 (final: https://cyberthint.io/sitemap.html) CT=text/html; charset=UTF-8
 [HTTP] sitemap body snippet: <!DOCTYPE html><html lang="en-US"><head><title>Just a moment...</title><meta http-equiv="Content-Type" content="text/html; charset=UTF-8"><meta http-equiv="X-UA-Compatible" content="IE=Edge"><meta nam
 [HTTP] sitemap GET https://cyberthint.io/sitemap_index.xml -> 403 (final: https://cyberthint.io/sitemap_index.xml) CT=text/html; charset=UTF-8
 [HTTP] sitemap body snippet: <!DOCTYPE html><html lang="en-US"><head><title>Just a moment...</title><meta http-equiv="Content-Type" content="text/html; charset=UTF-8"><meta http-equiv="X-UA-Compatible" content="IE=Edge"><meta nam
 [HTTP] sitemap GET https://cyberthint.io/sitemap.xml.gz -> 403 (final: https://cyberthint.io/sitemap.xml.gz) CT=text/html; charset=UTF-8
 [HTTP] sitemap body snippet: <!DOCTYPE html><html lang="en-US"><head><title>Just a moment...</title><meta http-equiv="Content-Type" content="text/html; charset=UTF-8"><meta http-equiv="X-UA-Compatible" content="IE=Edge"><meta nam
 [HTTP] sitemap GET https://cyberthint.io/sitemap_index.xml.gz -> 403 (final: https://cyberthint.io/sitemap_index.xml.gz) CT=text/html; charset=UTF-8
 [HTTP] sitemap body snippet: <!DOCTYPE html><html lang="en-US"><head><title>Just a moment...</title><meta http-equiv="Content-Type" content="text/html; charset=UTF-8"><meta http-equiv="X-UA-Compatible" content="IE=Edge"><meta nam
 • Summary [cyberint-threat-intelligence-reports]: new_fetched=0, new_used=0, reused=1, prev_cached=1, seen_before=0, seen_added=0
Wrote feeds/cyberint-threat-intelligence-reports.xml

=== Processing: Cyberint Blog vulnerabilities (https://cyberthint.io/category/vulnerabilities/) -> feeds/cyberint-vulnerabilities.xml
 robots.txt respected: True
 • using sitemap fallback …
 [HTTP] robots GET https://cyberthint.io/robots.txt -> 200 (final: https://cyberthint.io/robots.txt) CT=text/plain; charset=utf-8
 [HTTP] sitemap GET https://cyberthint.io/sitemap.xml -> 403 (final: https://cyberthint.io/sitemap.xml) CT=text/html; charset=UTF-8
 [HTTP] sitemap body snippet: <!DOCTYPE html><html lang="en-US"><head><title>Just a moment...</title><meta http-equiv="Content-Type" content="text/html; charset=UTF-8"><meta http-equiv="X-UA-Compatible" content="IE=Edge"><meta nam
 [HTTP] sitemap GET https://cyberthint.io/sitemap.html -> 403 (final: https://cyberthint.io/sitemap.html) CT=text/html; charset=UTF-8
 [HTTP] sitemap body snippet: <!DOCTYPE html><html lang="en-US"><head><title>Just a moment...</title><meta http-equiv="Content-Type" content="text/html; charset=UTF-8"><meta http-equiv="X-UA-Compatible" content="IE=Edge"><meta nam
 [HTTP] sitemap GET https://cyberthint.io/sitemap_index.xml -> 403 (final: https://cyberthint.io/sitemap_index.xml) CT=text/html; charset=UTF-8
 [HTTP] sitemap body snippet: <!DOCTYPE html><html lang="en-US"><head><title>Just a moment...</title><meta http-equiv="Content-Type" content="text/html; charset=UTF-8"><meta http-equiv="X-UA-Compatible" content="IE=Edge"><meta nam
 [HTTP] sitemap GET https://cyberthint.io/sitemap.xml.gz -> 403 (final: https://cyberthint.io/sitemap.xml.gz) CT=text/html; charset=UTF-8
 [HTTP] sitemap body snippet: <!DOCTYPE html><html lang="en-US"><head><title>Just a moment...</title><meta http-equiv="Content-Type" content="text/html; charset=UTF-8"><meta http-equiv="X-UA-Compatible" content="IE=Edge"><meta nam
 [HTTP] sitemap GET https://cyberthint.io/sitemap_index.xml.gz -> 403 (final: https://cyberthint.io/sitemap_index.xml.gz) CT=text/html; charset=UTF-8
 [HTTP] sitemap body snippet: <!DOCTYPE html><html lang="en-US"><head><title>Just a moment...</title><meta http-equiv="Content-Type" content="text/html; charset=UTF-8"><meta http-equiv="X-UA-Compatible" content="IE=Edge"><meta nam
 • Summary [cyberint-vulnerabilities]: new_fetched=0, new_used=0, reused=1, prev_cached=1, seen_before=0, seen_added=0
Wrote feeds/cyberint-vulnerabilities.xml

=== Processing: Pillar Security Blog (https://www.pillar.security/blog) -> feeds/pillar-security.xml
 robots.txt respected: True
 • using sitemap fallback …
 [HTTP] robots GET https://www.pillar.security/robots.txt -> 200 (final: https://www.pillar.security/robots.txt) CT=text/plain; charset=utf-8
 [HTTP] sitemap GET https://www.pillar.security/sitemap.xml -> 200 (final: https://www.pillar.security/sitemap.xml) CT=application/rss+xml; charset=utf-8
 • Summary [pillar-security]: new_fetched=0, new_used=0, reused=30, prev_cached=30, seen_before=92, seen_added=0
Wrote feeds/pillar-security.xml
Wrote index.html
Wrote state file: state.json
